   0  $accept : Program $end

   1  Program : ClassList

   2  ClassList : ClassList ClassDef
   3            | ClassDef

   4  VariableDef : Variable ';'

   5  Variable : Type IDENTIFIER

   6  Type : INT
   7       | VOID
   8       | BOOL
   9       | STRING
  10       | CLASS IDENTIFIER
  11       | Type '[' ']'

  12  ClassDef : CLASS IDENTIFIER ExtendsClause '{' FieldList '}'
  13           | SEALED CLASS IDENTIFIER EXTENDS IDENTIFIER '{' FieldList '}'
  14           | SEALED CLASS IDENTIFIER '{' FieldList '}'

  15  ExtendsClause : EXTENDS IDENTIFIER
  16                |

  17  FieldList : FieldList VariableDef
  18            | FieldList FunctionDef
  19            |

  20  Formals : VariableList
  21          |

  22  VariableList : VariableList ',' Variable
  23               | Variable

  24  FunctionDef : STATIC Type IDENTIFIER '(' Formals ')' StmtBlock
  25              | Type IDENTIFIER '(' Formals ')' StmtBlock

  26  StmtBlock : '{' StmtList '}'

  27  StmtList : StmtList Stmt
  28           |

  29  Stmt : VariableDef
  30       | SimpleStmt ';'
  31       | SCOPY '(' IDENTIFIER ',' Expr ')'
  32       | IfStmt
  33       | WhileStmt
  34       | ForStmt
  35       | ReturnStmt ';'
  36       | PrintStmt ';'
  37       | BreakStmt ';'
  38       | StmtBlock
  39       | GuardedStmt
  40       | ForeachStmt

  41  ForeachStmt : FOREACH '(' BoundVariable IN Expr WHILE Expr ')' Stmt
  42              | FOREACH '(' BoundVariable IN Expr ')' Stmt

  43  BoundVariable : VAR IDENTIFIER
  44                | Type IDENTIFIER

  45  SimpleStmt : LValue '=' Expr
  46             | Call
  47             |

  48  GuardedStmt : IF '{' IfBranchList IfSubStmt '}'
  49              | IF '{' '}'

  50  IfSubStmt : Expr ':' Stmt

  51  IfBranch : Expr ':' Stmt GUARDED

  52  IfBranchList : IfBranchList IfBranch
  53               |

  54  Receiver : Expr '.'
  55           |

  56  LValue : Receiver IDENTIFIER
  57         | Expr '[' Expr ']'
  58         | VAR IDENTIFIER

  59  Call : Receiver IDENTIFIER '(' Actuals ')'

  60  Expr : LValue
  61       | Call
  62       | Constant
  63       | Expr '+' Expr
  64       | Expr '-' Expr
  65       | Expr '*' Expr
  66       | Expr '/' Expr
  67       | Expr '%' Expr
  68       | Expr EQUAL Expr
  69       | Expr NOT_EQUAL Expr
  70       | Expr '<' Expr
  71       | Expr '>' Expr
  72       | Expr LESS_EQUAL Expr
  73       | Expr GREATER_EQUAL Expr
  74       | Expr AND Expr
  75       | Expr OR Expr
  76       | '(' Expr ')'
  77       | '-' Expr
  78       | '!' Expr
  79       | READ_INTEGER '(' ')'
  80       | READ_LINE '(' ')'
  81       | THIS
  82       | NEW IDENTIFIER '(' ')'
  83       | NEW Type '[' Expr ']'
  84       | INSTANCEOF '(' Expr ',' IDENTIFIER ')'
  85       | '(' CLASS IDENTIFIER ')' Expr
  86       | Expr NEWSAMEARRAY Expr
  87       | Expr JOINTARRAY Expr
  88       | Expr '[' Expr ':' Expr ']'
  89       | Expr '[' Expr ']' DEFAULT Expr
  90       | '[' Expr FOR IDENTIFIER IN Expr BoolExpr ']'
  91       | '[' Expr FOR IDENTIFIER IN Expr ']'

  92  BoolExpr : IF Expr
  93           |

  94  Constant : LITERAL
  95           | NULL
  96           | ArrayConstant

  97  ArrayConstant : '[' ConstantList ']'

  98  ConstantList : ConstantList ',' Constant
  99               |
 100               | Constant

 101  Actuals : ExprList
 102          |

 103  ExprList : ExprList ',' Expr
 104           | Expr

 105  WhileStmt : WHILE '(' Expr ')' Stmt

 106  ForStmt : FOR '(' SimpleStmt ';' Expr ';' SimpleStmt ')' Stmt

 107  BreakStmt : BREAK

 108  IfStmt : IF '(' Expr ')' Stmt ElseClause

 109  ElseClause : ELSE Stmt
 110             |

 111  ReturnStmt : RETURN Expr
 112             | RETURN

 113  PrintStmt : PRINT '(' ExprList ')'

state 0
	$accept : . Program $end  (0)

	CLASS  shift 1
	SEALED  shift 2
	.  error

	Program  goto 3
	ClassList  goto 4
	ClassDef  goto 5


state 1
	ClassDef : CLASS . IDENTIFIER ExtendsClause '{' FieldList '}'  (12)

	IDENTIFIER  shift 6
	.  error


state 2
	ClassDef : SEALED . CLASS IDENTIFIER EXTENDS IDENTIFIER '{' FieldList '}'  (13)
	ClassDef : SEALED . CLASS IDENTIFIER '{' FieldList '}'  (14)

	CLASS  shift 7
	.  error


state 3
	$accept : Program . $end  (0)

	$end  accept


state 4
	Program : ClassList .  (1)
	ClassList : ClassList . ClassDef  (2)

	CLASS  shift 1
	SEALED  shift 2
	$end  reduce 1

	ClassDef  goto 8


state 5
	ClassList : ClassDef .  (3)

	.  reduce 3


state 6
	ClassDef : CLASS IDENTIFIER . ExtendsClause '{' FieldList '}'  (12)
	ExtendsClause : .  (16)

	EXTENDS  shift 9
	'{'  reduce 16

	ExtendsClause  goto 10


state 7
	ClassDef : SEALED CLASS . IDENTIFIER EXTENDS IDENTIFIER '{' FieldList '}'  (13)
	ClassDef : SEALED CLASS . IDENTIFIER '{' FieldList '}'  (14)

	IDENTIFIER  shift 11
	.  error


state 8
	ClassList : ClassList ClassDef .  (2)

	.  reduce 2


state 9
	ExtendsClause : EXTENDS . IDENTIFIER  (15)

	IDENTIFIER  shift 12
	.  error


state 10
	ClassDef : CLASS IDENTIFIER ExtendsClause . '{' FieldList '}'  (12)

	'{'  shift 13
	.  error


state 11
	ClassDef : SEALED CLASS IDENTIFIER . EXTENDS IDENTIFIER '{' FieldList '}'  (13)
	ClassDef : SEALED CLASS IDENTIFIER . '{' FieldList '}'  (14)

	EXTENDS  shift 14
	'{'  shift 15
	.  error


state 12
	ExtendsClause : EXTENDS IDENTIFIER .  (15)

	.  reduce 15


state 13
	ClassDef : CLASS IDENTIFIER ExtendsClause '{' . FieldList '}'  (12)
	FieldList : .  (19)

	.  reduce 19

	FieldList  goto 16


state 14
	ClassDef : SEALED CLASS IDENTIFIER EXTENDS . IDENTIFIER '{' FieldList '}'  (13)

	IDENTIFIER  shift 17
	.  error


state 15
	ClassDef : SEALED CLASS IDENTIFIER '{' . FieldList '}'  (14)
	FieldList : .  (19)

	.  reduce 19

	FieldList  goto 18


state 16
	ClassDef : CLASS IDENTIFIER ExtendsClause '{' FieldList . '}'  (12)
	FieldList : FieldList . VariableDef  (17)
	FieldList : FieldList . FunctionDef  (18)

	VOID  shift 19
	BOOL  shift 20
	INT  shift 21
	STRING  shift 22
	CLASS  shift 23
	STATIC  shift 24
	'}'  shift 25
	.  error

	VariableDef  goto 26
	Variable  goto 27
	Type  goto 28
	FunctionDef  goto 29


state 17
	ClassDef : SEALED CLASS IDENTIFIER EXTENDS IDENTIFIER . '{' FieldList '}'  (13)

	'{'  shift 30
	.  error


state 18
	ClassDef : SEALED CLASS IDENTIFIER '{' FieldList . '}'  (14)
	FieldList : FieldList . VariableDef  (17)
	FieldList : FieldList . FunctionDef  (18)

	VOID  shift 19
	BOOL  shift 20
	INT  shift 21
	STRING  shift 22
	CLASS  shift 23
	STATIC  shift 24
	'}'  shift 31
	.  error

	VariableDef  goto 26
	Variable  goto 27
	Type  goto 28
	FunctionDef  goto 29


state 19
	Type : VOID .  (7)

	.  reduce 7


state 20
	Type : BOOL .  (8)

	.  reduce 8


state 21
	Type : INT .  (6)

	.  reduce 6


state 22
	Type : STRING .  (9)

	.  reduce 9


state 23
	Type : CLASS . IDENTIFIER  (10)

	IDENTIFIER  shift 32
	.  error


state 24
	FunctionDef : STATIC . Type IDENTIFIER '(' Formals ')' StmtBlock  (24)

	VOID  shift 19
	BOOL  shift 20
	INT  shift 21
	STRING  shift 22
	CLASS  shift 23
	.  error

	Type  goto 33


state 25
	ClassDef : CLASS IDENTIFIER ExtendsClause '{' FieldList '}' .  (12)

	.  reduce 12


state 26
	FieldList : FieldList VariableDef .  (17)

	.  reduce 17


state 27
	VariableDef : Variable . ';'  (4)

	';'  shift 34
	.  error


state 28
	Variable : Type . IDENTIFIER  (5)
	Type : Type . '[' ']'  (11)
	FunctionDef : Type . IDENTIFIER '(' Formals ')' StmtBlock  (25)

	IDENTIFIER  shift 35
	'['  shift 36
	.  error


state 29
	FieldList : FieldList FunctionDef .  (18)

	.  reduce 18


state 30
	ClassDef : SEALED CLASS IDENTIFIER EXTENDS IDENTIFIER '{' . FieldList '}'  (13)
	FieldList : .  (19)

	.  reduce 19

	FieldList  goto 37


state 31
	ClassDef : SEALED CLASS IDENTIFIER '{' FieldList '}' .  (14)

	.  reduce 14


state 32
	Type : CLASS IDENTIFIER .  (10)

	.  reduce 10


state 33
	Type : Type . '[' ']'  (11)
	FunctionDef : STATIC Type . IDENTIFIER '(' Formals ')' StmtBlock  (24)

	IDENTIFIER  shift 38
	'['  shift 36
	.  error


state 34
	VariableDef : Variable ';' .  (4)

	.  reduce 4


state 35
	Variable : Type IDENTIFIER .  (5)
	FunctionDef : Type IDENTIFIER . '(' Formals ')' StmtBlock  (25)

	'('  shift 39
	';'  reduce 5


state 36
	Type : Type '[' . ']'  (11)

	']'  shift 40
	.  error


state 37
	ClassDef : SEALED CLASS IDENTIFIER EXTENDS IDENTIFIER '{' FieldList . '}'  (13)
	FieldList : FieldList . VariableDef  (17)
	FieldList : FieldList . FunctionDef  (18)

	VOID  shift 19
	BOOL  shift 20
	INT  shift 21
	STRING  shift 22
	CLASS  shift 23
	STATIC  shift 24
	'}'  shift 41
	.  error

	VariableDef  goto 26
	Variable  goto 27
	Type  goto 28
	FunctionDef  goto 29


state 38
	FunctionDef : STATIC Type IDENTIFIER . '(' Formals ')' StmtBlock  (24)

	'('  shift 42
	.  error


state 39
	FunctionDef : Type IDENTIFIER '(' . Formals ')' StmtBlock  (25)
	Formals : .  (21)

	VOID  shift 19
	BOOL  shift 20
	INT  shift 21
	STRING  shift 22
	CLASS  shift 23
	')'  reduce 21

	Variable  goto 43
	Type  goto 44
	Formals  goto 45
	VariableList  goto 46


state 40
	Type : Type '[' ']' .  (11)

	.  reduce 11


state 41
	ClassDef : SEALED CLASS IDENTIFIER EXTENDS IDENTIFIER '{' FieldList '}' .  (13)

	.  reduce 13


state 42
	FunctionDef : STATIC Type IDENTIFIER '(' . Formals ')' StmtBlock  (24)
	Formals : .  (21)

	VOID  shift 19
	BOOL  shift 20
	INT  shift 21
	STRING  shift 22
	CLASS  shift 23
	')'  reduce 21

	Variable  goto 43
	Type  goto 44
	Formals  goto 47
	VariableList  goto 46


state 43
	VariableList : Variable .  (23)

	.  reduce 23


state 44
	Variable : Type . IDENTIFIER  (5)
	Type : Type . '[' ']'  (11)

	IDENTIFIER  shift 48
	'['  shift 36
	.  error


state 45
	FunctionDef : Type IDENTIFIER '(' Formals . ')' StmtBlock  (25)

	')'  shift 49
	.  error


state 46
	Formals : VariableList .  (20)
	VariableList : VariableList . ',' Variable  (22)

	','  shift 50
	')'  reduce 20


state 47
	FunctionDef : STATIC Type IDENTIFIER '(' Formals . ')' StmtBlock  (24)

	')'  shift 51
	.  error


state 48
	Variable : Type IDENTIFIER .  (5)

	.  reduce 5


state 49
	FunctionDef : Type IDENTIFIER '(' Formals ')' . StmtBlock  (25)

	'{'  shift 52
	.  error

	StmtBlock  goto 53


state 50
	VariableList : VariableList ',' . Variable  (22)

	VOID  shift 19
	BOOL  shift 20
	INT  shift 21
	STRING  shift 22
	CLASS  shift 23
	.  error

	Variable  goto 54
	Type  goto 44


state 51
	FunctionDef : STATIC Type IDENTIFIER '(' Formals ')' . StmtBlock  (24)

	'{'  shift 52
	.  error

	StmtBlock  goto 55


state 52
	StmtBlock : '{' . StmtList '}'  (26)
	StmtList : .  (28)

	.  reduce 28

	StmtList  goto 56


state 53
	FunctionDef : Type IDENTIFIER '(' Formals ')' StmtBlock .  (25)

	.  reduce 25


state 54
	VariableList : VariableList ',' Variable .  (22)

	.  reduce 22


state 55
	FunctionDef : STATIC Type IDENTIFIER '(' Formals ')' StmtBlock .  (24)

	.  reduce 24


state 56
	StmtBlock : '{' StmtList . '}'  (26)
	StmtList : StmtList . Stmt  (27)
	SimpleStmt : .  (47)
	Receiver : .  (55)

	VOID  shift 19
	BOOL  shift 20
	INT  shift 21
	STRING  shift 22
	CLASS  shift 23
	NULL  shift 57
	THIS  shift 58
	WHILE  shift 59
	FOR  shift 60
	IF  shift 61
	RETURN  shift 62
	BREAK  shift 63
	NEW  shift 64
	PRINT  shift 65
	READ_INTEGER  shift 66
	READ_LINE  shift 67
	LITERAL  shift 68
	INSTANCEOF  shift 69
	SCOPY  shift 70
	FOREACH  shift 71
	'-'  shift 72
	'!'  shift 73
	'('  shift 74
	'['  shift 75
	'{'  shift 52
	'}'  shift 76
	VAR  shift 77
	IDENTIFIER  reduce 55
	';'  reduce 47

	VariableDef  goto 78
	Variable  goto 27
	Type  goto 44
	StmtBlock  goto 79
	Stmt  goto 80
	SimpleStmt  goto 81
	Expr  goto 82
	IfStmt  goto 83
	WhileStmt  goto 84
	ForStmt  goto 85
	ReturnStmt  goto 86
	PrintStmt  goto 87
	BreakStmt  goto 88
	GuardedStmt  goto 89
	ForeachStmt  goto 90
	LValue  goto 91
	Call  goto 92
	Receiver  goto 93
	Constant  goto 94
	ArrayConstant  goto 95


state 57
	Constant : NULL .  (95)

	.  reduce 95


state 58
	Expr : THIS .  (81)

	.  reduce 81


state 59
	WhileStmt : WHILE . '(' Expr ')' Stmt  (105)

	'('  shift 96
	.  error


state 60
	ForStmt : FOR . '(' SimpleStmt ';' Expr ';' SimpleStmt ')' Stmt  (106)

	'('  shift 97
	.  error


state 61
	GuardedStmt : IF . '{' IfBranchList IfSubStmt '}'  (48)
	GuardedStmt : IF . '{' '}'  (49)
	IfStmt : IF . '(' Expr ')' Stmt ElseClause  (108)

	'('  shift 98
	'{'  shift 99
	.  error


state 62
	ReturnStmt : RETURN . Expr  (111)
	ReturnStmt : RETURN .  (112)
	Receiver : .  (55)

	NULL  shift 57
	THIS  shift 58
	NEW  shift 64
	READ_INTEGER  shift 66
	READ_LINE  shift 67
	LITERAL  shift 68
	INSTANCEOF  shift 69
	'-'  shift 72
	'!'  shift 73
	'('  shift 74
	'['  shift 75
	VAR  shift 77
	IDENTIFIER  reduce 55
	';'  reduce 112

	Expr  goto 100
	LValue  goto 101
	Call  goto 102
	Receiver  goto 93
	Constant  goto 94
	ArrayConstant  goto 95


state 63
	BreakStmt : BREAK .  (107)

	.  reduce 107


state 64
	Expr : NEW . IDENTIFIER '(' ')'  (82)
	Expr : NEW . Type '[' Expr ']'  (83)

	VOID  shift 19
	BOOL  shift 20
	INT  shift 21
	STRING  shift 22
	CLASS  shift 23
	IDENTIFIER  shift 103
	.  error

	Type  goto 104


state 65
	PrintStmt : PRINT . '(' ExprList ')'  (113)

	'('  shift 105
	.  error


state 66
	Expr : READ_INTEGER . '(' ')'  (79)

	'('  shift 106
	.  error


state 67
	Expr : READ_LINE . '(' ')'  (80)

	'('  shift 107
	.  error


state 68
	Constant : LITERAL .  (94)

	.  reduce 94


state 69
	Expr : INSTANCEOF . '(' Expr ',' IDENTIFIER ')'  (84)

	'('  shift 108
	.  error


state 70
	Stmt : SCOPY . '(' IDENTIFIER ',' Expr ')'  (31)

	'('  shift 109
	.  error


state 71
	ForeachStmt : FOREACH . '(' BoundVariable IN Expr WHILE Expr ')' Stmt  (41)
	ForeachStmt : FOREACH . '(' BoundVariable IN Expr ')' Stmt  (42)

	'('  shift 110
	.  error


state 72
	Expr : '-' . Expr  (77)
	Receiver : .  (55)

	NULL  shift 57
	THIS  shift 58
	NEW  shift 64
	READ_INTEGER  shift 66
	READ_LINE  shift 67
	LITERAL  shift 68
	INSTANCEOF  shift 69
	'-'  shift 72
	'!'  shift 73
	'('  shift 74
	'['  shift 75
	VAR  shift 77
	IDENTIFIER  reduce 55

	Expr  goto 111
	LValue  goto 101
	Call  goto 102
	Receiver  goto 93
	Constant  goto 94
	ArrayConstant  goto 95


state 73
	Expr : '!' . Expr  (78)
	Receiver : .  (55)

	NULL  shift 57
	THIS  shift 58
	NEW  shift 64
	READ_INTEGER  shift 66
	READ_LINE  shift 67
	LITERAL  shift 68
	INSTANCEOF  shift 69
	'-'  shift 72
	'!'  shift 73
	'('  shift 74
	'['  shift 75
	VAR  shift 77
	IDENTIFIER  reduce 55

	Expr  goto 112
	LValue  goto 101
	Call  goto 102
	Receiver  goto 93
	Constant  goto 94
	ArrayConstant  goto 95


state 74
	Expr : '(' . Expr ')'  (76)
	Expr : '(' . CLASS IDENTIFIER ')' Expr  (85)
	Receiver : .  (55)

	CLASS  shift 113
	NULL  shift 57
	THIS  shift 58
	NEW  shift 64
	READ_INTEGER  shift 66
	READ_LINE  shift 67
	LITERAL  shift 68
	INSTANCEOF  shift 69
	'-'  shift 72
	'!'  shift 73
	'('  shift 74
	'['  shift 75
	VAR  shift 77
	IDENTIFIER  reduce 55

	Expr  goto 114
	LValue  goto 101
	Call  goto 102
	Receiver  goto 93
	Constant  goto 94
	ArrayConstant  goto 95


state 75
	Expr : '[' . Expr FOR IDENTIFIER IN Expr BoolExpr ']'  (90)
	Expr : '[' . Expr FOR IDENTIFIER IN Expr ']'  (91)
	ArrayConstant : '[' . ConstantList ']'  (97)
	Receiver : .  (55)
	ConstantList : .  (99)

	NULL  shift 57
	THIS  shift 58
	NEW  shift 64
	READ_INTEGER  shift 66
	READ_LINE  shift 67
	LITERAL  shift 68
	INSTANCEOF  shift 69
	'-'  shift 72
	'!'  shift 73
	'('  shift 74
	'['  shift 75
	VAR  shift 77
	IDENTIFIER  reduce 55
	','  reduce 99
	']'  reduce 99

	Expr  goto 115
	LValue  goto 101
	Call  goto 102
	Receiver  goto 93
	Constant  goto 116
	ArrayConstant  goto 95
	ConstantList  goto 117


state 76
	StmtBlock : '{' StmtList '}' .  (26)

	.  reduce 26


state 77
	LValue : VAR . IDENTIFIER  (58)

	IDENTIFIER  shift 118
	.  error


state 78
	Stmt : VariableDef .  (29)

	.  reduce 29


state 79
	Stmt : StmtBlock .  (38)

	.  reduce 38


state 80
	StmtList : StmtList Stmt .  (27)

	.  reduce 27


state 81
	Stmt : SimpleStmt . ';'  (30)

	';'  shift 119
	.  error


state 82
	Receiver : Expr . '.'  (54)
	LValue : Expr . '[' Expr ']'  (57)
	Expr : Expr . '+' Expr  (63)
	Expr : Expr . '-' Expr  (64)
	Expr : Expr . '*' Expr  (65)
	Expr : Expr . '/' Expr  (66)
	Expr : Expr . '%' Expr  (67)
	Expr : Expr . EQUAL Expr  (68)
	Expr : Expr . NOT_EQUAL Expr  (69)
	Expr : Expr . '<' Expr  (70)
	Expr : Expr . '>' Expr  (71)
	Expr : Expr . LESS_EQUAL Expr  (72)
	Expr : Expr . GREATER_EQUAL Expr  (73)
	Expr : Expr . AND Expr  (74)
	Expr : Expr . OR Expr  (75)
	Expr : Expr . NEWSAMEARRAY Expr  (86)
	Expr : Expr . JOINTARRAY Expr  (87)
	Expr : Expr . '[' Expr ':' Expr ']'  (88)
	Expr : Expr . '[' Expr ']' DEFAULT Expr  (89)

	AND  shift 120
	OR  shift 121
	LESS_EQUAL  shift 122
	GREATER_EQUAL  shift 123
	EQUAL  shift 124
	NOT_EQUAL  shift 125
	NEWSAMEARRAY  shift 126
	JOINTARRAY  shift 127
	'+'  shift 128
	'-'  shift 129
	'*'  shift 130
	'/'  shift 131
	'%'  shift 132
	'>'  shift 133
	'<'  shift 134
	'.'  shift 135
	'['  shift 136
	.  error


state 83
	Stmt : IfStmt .  (32)

	.  reduce 32


state 84
	Stmt : WhileStmt .  (33)

	.  reduce 33


state 85
	Stmt : ForStmt .  (34)

	.  reduce 34


state 86
	Stmt : ReturnStmt . ';'  (35)

	';'  shift 137
	.  error


state 87
	Stmt : PrintStmt . ';'  (36)

	';'  shift 138
	.  error


state 88
	Stmt : BreakStmt . ';'  (37)

	';'  shift 139
	.  error


state 89
	Stmt : GuardedStmt .  (39)

	.  reduce 39


state 90
	Stmt : ForeachStmt .  (40)

	.  reduce 40


state 91
	SimpleStmt : LValue . '=' Expr  (45)
	Expr : LValue .  (60)

	'='  shift 140
	AND  reduce 60
	OR  reduce 60
	LESS_EQUAL  reduce 60
	GREATER_EQUAL  reduce 60
	EQUAL  reduce 60
	NOT_EQUAL  reduce 60
	NEWSAMEARRAY  reduce 60
	JOINTARRAY  reduce 60
	'+'  reduce 60
	'-'  reduce 60
	'*'  reduce 60
	'/'  reduce 60
	'%'  reduce 60
	'>'  reduce 60
	'<'  reduce 60
	'.'  reduce 60
	'['  reduce 60


state 92
	SimpleStmt : Call .  (46)
	Expr : Call .  (61)

	AND  reduce 61
	OR  reduce 61
	LESS_EQUAL  reduce 61
	GREATER_EQUAL  reduce 61
	EQUAL  reduce 61
	NOT_EQUAL  reduce 61
	NEWSAMEARRAY  reduce 61
	JOINTARRAY  reduce 61
	'+'  reduce 61
	'-'  reduce 61
	'*'  reduce 61
	'/'  reduce 61
	'%'  reduce 61
	'>'  reduce 61
	'<'  reduce 61
	'.'  reduce 61
	';'  reduce 46
	')'  reduce 46
	'['  reduce 61


state 93
	LValue : Receiver . IDENTIFIER  (56)
	Call : Receiver . IDENTIFIER '(' Actuals ')'  (59)

	IDENTIFIER  shift 141
	.  error


state 94
	Expr : Constant .  (62)

	.  reduce 62


state 95
	Constant : ArrayConstant .  (96)

	.  reduce 96


state 96
	WhileStmt : WHILE '(' . Expr ')' Stmt  (105)
	Receiver : .  (55)

	NULL  shift 57
	THIS  shift 58
	NEW  shift 64
	READ_INTEGER  shift 66
	READ_LINE  shift 67
	LITERAL  shift 68
	INSTANCEOF  shift 69
	'-'  shift 72
	'!'  shift 73
	'('  shift 74
	'['  shift 75
	VAR  shift 77
	IDENTIFIER  reduce 55

	Expr  goto 142
	LValue  goto 101
	Call  goto 102
	Receiver  goto 93
	Constant  goto 94
	ArrayConstant  goto 95


state 97
	ForStmt : FOR '(' . SimpleStmt ';' Expr ';' SimpleStmt ')' Stmt  (106)
	SimpleStmt : .  (47)
	Receiver : .  (55)

	NULL  shift 57
	THIS  shift 58
	NEW  shift 64
	READ_INTEGER  shift 66
	READ_LINE  shift 67
	LITERAL  shift 68
	INSTANCEOF  shift 69
	'-'  shift 72
	'!'  shift 73
	'('  shift 74
	'['  shift 75
	VAR  shift 77
	IDENTIFIER  reduce 55
	';'  reduce 47

	SimpleStmt  goto 143
	Expr  goto 82
	LValue  goto 91
	Call  goto 92
	Receiver  goto 93
	Constant  goto 94
	ArrayConstant  goto 95


state 98
	IfStmt : IF '(' . Expr ')' Stmt ElseClause  (108)
	Receiver : .  (55)

	NULL  shift 57
	THIS  shift 58
	NEW  shift 64
	READ_INTEGER  shift 66
	READ_LINE  shift 67
	LITERAL  shift 68
	INSTANCEOF  shift 69
	'-'  shift 72
	'!'  shift 73
	'('  shift 74
	'['  shift 75
	VAR  shift 77
	IDENTIFIER  reduce 55

	Expr  goto 144
	LValue  goto 101
	Call  goto 102
	Receiver  goto 93
	Constant  goto 94
	ArrayConstant  goto 95


state 99
	GuardedStmt : IF '{' . IfBranchList IfSubStmt '}'  (48)
	GuardedStmt : IF '{' . '}'  (49)
	IfBranchList : .  (53)

	'}'  shift 145
	NULL  reduce 53
	THIS  reduce 53
	NEW  reduce 53
	READ_INTEGER  reduce 53
	READ_LINE  reduce 53
	LITERAL  reduce 53
	IDENTIFIER  reduce 53
	INSTANCEOF  reduce 53
	'-'  reduce 53
	'!'  reduce 53
	'('  reduce 53
	'['  reduce 53
	VAR  reduce 53

	IfBranchList  goto 146


state 100
	Receiver : Expr . '.'  (54)
	LValue : Expr . '[' Expr ']'  (57)
	Expr : Expr . '+' Expr  (63)
	Expr : Expr . '-' Expr  (64)
	Expr : Expr . '*' Expr  (65)
	Expr : Expr . '/' Expr  (66)
	Expr : Expr . '%' Expr  (67)
	Expr : Expr . EQUAL Expr  (68)
	Expr : Expr . NOT_EQUAL Expr  (69)
	Expr : Expr . '<' Expr  (70)
	Expr : Expr . '>' Expr  (71)
	Expr : Expr . LESS_EQUAL Expr  (72)
	Expr : Expr . GREATER_EQUAL Expr  (73)
	Expr : Expr . AND Expr  (74)
	Expr : Expr . OR Expr  (75)
	Expr : Expr . NEWSAMEARRAY Expr  (86)
	Expr : Expr . JOINTARRAY Expr  (87)
	Expr : Expr . '[' Expr ':' Expr ']'  (88)
	Expr : Expr . '[' Expr ']' DEFAULT Expr  (89)
	ReturnStmt : RETURN Expr .  (111)

	AND  shift 120
	OR  shift 121
	LESS_EQUAL  shift 122
	GREATER_EQUAL  shift 123
	EQUAL  shift 124
	NOT_EQUAL  shift 125
	NEWSAMEARRAY  shift 126
	JOINTARRAY  shift 127
	'+'  shift 128
	'-'  shift 129
	'*'  shift 130
	'/'  shift 131
	'%'  shift 132
	'>'  shift 133
	'<'  shift 134
	'.'  shift 135
	'['  shift 136
	';'  reduce 111


state 101
	Expr : LValue .  (60)

	.  reduce 60


state 102
	Expr : Call .  (61)

	.  reduce 61


state 103
	Expr : NEW IDENTIFIER . '(' ')'  (82)

	'('  shift 147
	.  error


state 104
	Type : Type . '[' ']'  (11)
	Expr : NEW Type . '[' Expr ']'  (83)

	'['  shift 148
	.  error


state 105
	PrintStmt : PRINT '(' . ExprList ')'  (113)
	Receiver : .  (55)

	NULL  shift 57
	THIS  shift 58
	NEW  shift 64
	READ_INTEGER  shift 66
	READ_LINE  shift 67
	LITERAL  shift 68
	INSTANCEOF  shift 69
	'-'  shift 72
	'!'  shift 73
	'('  shift 74
	'['  shift 75
	VAR  shift 77
	IDENTIFIER  reduce 55

	Expr  goto 149
	LValue  goto 101
	Call  goto 102
	Receiver  goto 93
	Constant  goto 94
	ArrayConstant  goto 95
	ExprList  goto 150


state 106
	Expr : READ_INTEGER '(' . ')'  (79)

	')'  shift 151
	.  error


state 107
	Expr : READ_LINE '(' . ')'  (80)

	')'  shift 152
	.  error


state 108
	Expr : INSTANCEOF '(' . Expr ',' IDENTIFIER ')'  (84)
	Receiver : .  (55)

	NULL  shift 57
	THIS  shift 58
	NEW  shift 64
	READ_INTEGER  shift 66
	READ_LINE  shift 67
	LITERAL  shift 68
	INSTANCEOF  shift 69
	'-'  shift 72
	'!'  shift 73
	'('  shift 74
	'['  shift 75
	VAR  shift 77
	IDENTIFIER  reduce 55

	Expr  goto 153
	LValue  goto 101
	Call  goto 102
	Receiver  goto 93
	Constant  goto 94
	ArrayConstant  goto 95


state 109
	Stmt : SCOPY '(' . IDENTIFIER ',' Expr ')'  (31)

	IDENTIFIER  shift 154
	.  error


state 110
	ForeachStmt : FOREACH '(' . BoundVariable IN Expr WHILE Expr ')' Stmt  (41)
	ForeachStmt : FOREACH '(' . BoundVariable IN Expr ')' Stmt  (42)

	VOID  shift 19
	BOOL  shift 20
	INT  shift 21
	STRING  shift 22
	CLASS  shift 23
	VAR  shift 155
	.  error

	Type  goto 156
	BoundVariable  goto 157


state 111
	Receiver : Expr . '.'  (54)
	LValue : Expr . '[' Expr ']'  (57)
	Expr : Expr . '+' Expr  (63)
	Expr : Expr . '-' Expr  (64)
	Expr : Expr . '*' Expr  (65)
	Expr : Expr . '/' Expr  (66)
	Expr : Expr . '%' Expr  (67)
	Expr : Expr . EQUAL Expr  (68)
	Expr : Expr . NOT_EQUAL Expr  (69)
	Expr : Expr . '<' Expr  (70)
	Expr : Expr . '>' Expr  (71)
	Expr : Expr . LESS_EQUAL Expr  (72)
	Expr : Expr . GREATER_EQUAL Expr  (73)
	Expr : Expr . AND Expr  (74)
	Expr : Expr . OR Expr  (75)
	Expr : '-' Expr .  (77)
	Expr : Expr . NEWSAMEARRAY Expr  (86)
	Expr : Expr . JOINTARRAY Expr  (87)
	Expr : Expr . '[' Expr ':' Expr ']'  (88)
	Expr : Expr . '[' Expr ']' DEFAULT Expr  (89)

	'.'  shift 135
	'['  shift 136
	WHILE  reduce 77
	FOR  reduce 77
	IF  reduce 77
	AND  reduce 77
	OR  reduce 77
	LESS_EQUAL  reduce 77
	GREATER_EQUAL  reduce 77
	EQUAL  reduce 77
	NOT_EQUAL  reduce 77
	NEWSAMEARRAY  reduce 77
	JOINTARRAY  reduce 77
	'+'  reduce 77
	'-'  reduce 77
	'*'  reduce 77
	'/'  reduce 77
	'%'  reduce 77
	'>'  reduce 77
	'<'  reduce 77
	':'  reduce 77
	','  reduce 77
	';'  reduce 77
	')'  reduce 77
	']'  reduce 77


state 112
	Receiver : Expr . '.'  (54)
	LValue : Expr . '[' Expr ']'  (57)
	Expr : Expr . '+' Expr  (63)
	Expr : Expr . '-' Expr  (64)
	Expr : Expr . '*' Expr  (65)
	Expr : Expr . '/' Expr  (66)
	Expr : Expr . '%' Expr  (67)
	Expr : Expr . EQUAL Expr  (68)
	Expr : Expr . NOT_EQUAL Expr  (69)
	Expr : Expr . '<' Expr  (70)
	Expr : Expr . '>' Expr  (71)
	Expr : Expr . LESS_EQUAL Expr  (72)
	Expr : Expr . GREATER_EQUAL Expr  (73)
	Expr : Expr . AND Expr  (74)
	Expr : Expr . OR Expr  (75)
	Expr : '!' Expr .  (78)
	Expr : Expr . NEWSAMEARRAY Expr  (86)
	Expr : Expr . JOINTARRAY Expr  (87)
	Expr : Expr . '[' Expr ':' Expr ']'  (88)
	Expr : Expr . '[' Expr ']' DEFAULT Expr  (89)

	'.'  shift 135
	'['  shift 136
	WHILE  reduce 78
	FOR  reduce 78
	IF  reduce 78
	AND  reduce 78
	OR  reduce 78
	LESS_EQUAL  reduce 78
	GREATER_EQUAL  reduce 78
	EQUAL  reduce 78
	NOT_EQUAL  reduce 78
	NEWSAMEARRAY  reduce 78
	JOINTARRAY  reduce 78
	'+'  reduce 78
	'-'  reduce 78
	'*'  reduce 78
	'/'  reduce 78
	'%'  reduce 78
	'>'  reduce 78
	'<'  reduce 78
	':'  reduce 78
	','  reduce 78
	';'  reduce 78
	')'  reduce 78
	']'  reduce 78


state 113
	Expr : '(' CLASS . IDENTIFIER ')' Expr  (85)

	IDENTIFIER  shift 158
	.  error


state 114
	Receiver : Expr . '.'  (54)
	LValue : Expr . '[' Expr ']'  (57)
	Expr : Expr . '+' Expr  (63)
	Expr : Expr . '-' Expr  (64)
	Expr : Expr . '*' Expr  (65)
	Expr : Expr . '/' Expr  (66)
	Expr : Expr . '%' Expr  (67)
	Expr : Expr . EQUAL Expr  (68)
	Expr : Expr . NOT_EQUAL Expr  (69)
	Expr : Expr . '<' Expr  (70)
	Expr : Expr . '>' Expr  (71)
	Expr : Expr . LESS_EQUAL Expr  (72)
	Expr : Expr . GREATER_EQUAL Expr  (73)
	Expr : Expr . AND Expr  (74)
	Expr : Expr . OR Expr  (75)
	Expr : '(' Expr . ')'  (76)
	Expr : Expr . NEWSAMEARRAY Expr  (86)
	Expr : Expr . JOINTARRAY Expr  (87)
	Expr : Expr . '[' Expr ':' Expr ']'  (88)
	Expr : Expr . '[' Expr ']' DEFAULT Expr  (89)

	AND  shift 120
	OR  shift 121
	LESS_EQUAL  shift 122
	GREATER_EQUAL  shift 123
	EQUAL  shift 124
	NOT_EQUAL  shift 125
	NEWSAMEARRAY  shift 126
	JOINTARRAY  shift 127
	'+'  shift 128
	'-'  shift 129
	'*'  shift 130
	'/'  shift 131
	'%'  shift 132
	'>'  shift 133
	'<'  shift 134
	'.'  shift 135
	')'  shift 159
	'['  shift 136
	.  error


state 115
	Receiver : Expr . '.'  (54)
	LValue : Expr . '[' Expr ']'  (57)
	Expr : Expr . '+' Expr  (63)
	Expr : Expr . '-' Expr  (64)
	Expr : Expr . '*' Expr  (65)
	Expr : Expr . '/' Expr  (66)
	Expr : Expr . '%' Expr  (67)
	Expr : Expr . EQUAL Expr  (68)
	Expr : Expr . NOT_EQUAL Expr  (69)
	Expr : Expr . '<' Expr  (70)
	Expr : Expr . '>' Expr  (71)
	Expr : Expr . LESS_EQUAL Expr  (72)
	Expr : Expr . GREATER_EQUAL Expr  (73)
	Expr : Expr . AND Expr  (74)
	Expr : Expr . OR Expr  (75)
	Expr : Expr . NEWSAMEARRAY Expr  (86)
	Expr : Expr . JOINTARRAY Expr  (87)
	Expr : Expr . '[' Expr ':' Expr ']'  (88)
	Expr : Expr . '[' Expr ']' DEFAULT Expr  (89)
	Expr : '[' Expr . FOR IDENTIFIER IN Expr BoolExpr ']'  (90)
	Expr : '[' Expr . FOR IDENTIFIER IN Expr ']'  (91)

	FOR  shift 160
	AND  shift 120
	OR  shift 121
	LESS_EQUAL  shift 122
	GREATER_EQUAL  shift 123
	EQUAL  shift 124
	NOT_EQUAL  shift 125
	NEWSAMEARRAY  shift 126
	JOINTARRAY  shift 127
	'+'  shift 128
	'-'  shift 129
	'*'  shift 130
	'/'  shift 131
	'%'  shift 132
	'>'  shift 133
	'<'  shift 134
	'.'  shift 135
	'['  shift 136
	.  error


state 116
	Expr : Constant .  (62)
	ConstantList : Constant .  (100)

	FOR  reduce 62
	AND  reduce 62
	OR  reduce 62
	LESS_EQUAL  reduce 62
	GREATER_EQUAL  reduce 62
	EQUAL  reduce 62
	NOT_EQUAL  reduce 62
	NEWSAMEARRAY  reduce 62
	JOINTARRAY  reduce 62
	'+'  reduce 62
	'-'  reduce 62
	'*'  reduce 62
	'/'  reduce 62
	'%'  reduce 62
	'>'  reduce 62
	'<'  reduce 62
	'.'  reduce 62
	','  reduce 100
	'['  reduce 62
	']'  reduce 100


state 117
	ArrayConstant : '[' ConstantList . ']'  (97)
	ConstantList : ConstantList . ',' Constant  (98)

	','  shift 161
	']'  shift 162
	.  error


state 118
	LValue : VAR IDENTIFIER .  (58)

	.  reduce 58


state 119
	Stmt : SimpleStmt ';' .  (30)

	.  reduce 30


state 120
	Expr : Expr AND . Expr  (74)
	Receiver : .  (55)

	NULL  shift 57
	THIS  shift 58
	NEW  shift 64
	READ_INTEGER  shift 66
	READ_LINE  shift 67
	LITERAL  shift 68
	INSTANCEOF  shift 69
	'-'  shift 72
	'!'  shift 73
	'('  shift 74
	'['  shift 75
	VAR  shift 77
	IDENTIFIER  reduce 55

	Expr  goto 163
	LValue  goto 101
	Call  goto 102
	Receiver  goto 93
	Constant  goto 94
	ArrayConstant  goto 95


state 121
	Expr : Expr OR . Expr  (75)
	Receiver : .  (55)

	NULL  shift 57
	THIS  shift 58
	NEW  shift 64
	READ_INTEGER  shift 66
	READ_LINE  shift 67
	LITERAL  shift 68
	INSTANCEOF  shift 69
	'-'  shift 72
	'!'  shift 73
	'('  shift 74
	'['  shift 75
	VAR  shift 77
	IDENTIFIER  reduce 55

	Expr  goto 164
	LValue  goto 101
	Call  goto 102
	Receiver  goto 93
	Constant  goto 94
	ArrayConstant  goto 95


state 122
	Expr : Expr LESS_EQUAL . Expr  (72)
	Receiver : .  (55)

	NULL  shift 57
	THIS  shift 58
	NEW  shift 64
	READ_INTEGER  shift 66
	READ_LINE  shift 67
	LITERAL  shift 68
	INSTANCEOF  shift 69
	'-'  shift 72
	'!'  shift 73
	'('  shift 74
	'['  shift 75
	VAR  shift 77
	IDENTIFIER  reduce 55

	Expr  goto 165
	LValue  goto 101
	Call  goto 102
	Receiver  goto 93
	Constant  goto 94
	ArrayConstant  goto 95


state 123
	Expr : Expr GREATER_EQUAL . Expr  (73)
	Receiver : .  (55)

	NULL  shift 57
	THIS  shift 58
	NEW  shift 64
	READ_INTEGER  shift 66
	READ_LINE  shift 67
	LITERAL  shift 68
	INSTANCEOF  shift 69
	'-'  shift 72
	'!'  shift 73
	'('  shift 74
	'['  shift 75
	VAR  shift 77
	IDENTIFIER  reduce 55

	Expr  goto 166
	LValue  goto 101
	Call  goto 102
	Receiver  goto 93
	Constant  goto 94
	ArrayConstant  goto 95


state 124
	Expr : Expr EQUAL . Expr  (68)
	Receiver : .  (55)

	NULL  shift 57
	THIS  shift 58
	NEW  shift 64
	READ_INTEGER  shift 66
	READ_LINE  shift 67
	LITERAL  shift 68
	INSTANCEOF  shift 69
	'-'  shift 72
	'!'  shift 73
	'('  shift 74
	'['  shift 75
	VAR  shift 77
	IDENTIFIER  reduce 55

	Expr  goto 167
	LValue  goto 101
	Call  goto 102
	Receiver  goto 93
	Constant  goto 94
	ArrayConstant  goto 95


state 125
	Expr : Expr NOT_EQUAL . Expr  (69)
	Receiver : .  (55)

	NULL  shift 57
	THIS  shift 58
	NEW  shift 64
	READ_INTEGER  shift 66
	READ_LINE  shift 67
	LITERAL  shift 68
	INSTANCEOF  shift 69
	'-'  shift 72
	'!'  shift 73
	'('  shift 74
	'['  shift 75
	VAR  shift 77
	IDENTIFIER  reduce 55

	Expr  goto 168
	LValue  goto 101
	Call  goto 102
	Receiver  goto 93
	Constant  goto 94
	ArrayConstant  goto 95


state 126
	Expr : Expr NEWSAMEARRAY . Expr  (86)
	Receiver : .  (55)

	NULL  shift 57
	THIS  shift 58
	NEW  shift 64
	READ_INTEGER  shift 66
	READ_LINE  shift 67
	LITERAL  shift 68
	INSTANCEOF  shift 69
	'-'  shift 72
	'!'  shift 73
	'('  shift 74
	'['  shift 75
	VAR  shift 77
	IDENTIFIER  reduce 55

	Expr  goto 169
	LValue  goto 101
	Call  goto 102
	Receiver  goto 93
	Constant  goto 94
	ArrayConstant  goto 95


state 127
	Expr : Expr JOINTARRAY . Expr  (87)
	Receiver : .  (55)

	NULL  shift 57
	THIS  shift 58
	NEW  shift 64
	READ_INTEGER  shift 66
	READ_LINE  shift 67
	LITERAL  shift 68
	INSTANCEOF  shift 69
	'-'  shift 72
	'!'  shift 73
	'('  shift 74
	'['  shift 75
	VAR  shift 77
	IDENTIFIER  reduce 55

	Expr  goto 170
	LValue  goto 101
	Call  goto 102
	Receiver  goto 93
	Constant  goto 94
	ArrayConstant  goto 95


state 128
	Expr : Expr '+' . Expr  (63)
	Receiver : .  (55)

	NULL  shift 57
	THIS  shift 58
	NEW  shift 64
	READ_INTEGER  shift 66
	READ_LINE  shift 67
	LITERAL  shift 68
	INSTANCEOF  shift 69
	'-'  shift 72
	'!'  shift 73
	'('  shift 74
	'['  shift 75
	VAR  shift 77
	IDENTIFIER  reduce 55

	Expr  goto 171
	LValue  goto 101
	Call  goto 102
	Receiver  goto 93
	Constant  goto 94
	ArrayConstant  goto 95


state 129
	Expr : Expr '-' . Expr  (64)
	Receiver : .  (55)

	NULL  shift 57
	THIS  shift 58
	NEW  shift 64
	READ_INTEGER  shift 66
	READ_LINE  shift 67
	LITERAL  shift 68
	INSTANCEOF  shift 69
	'-'  shift 72
	'!'  shift 73
	'('  shift 74
	'['  shift 75
	VAR  shift 77
	IDENTIFIER  reduce 55

	Expr  goto 172
	LValue  goto 101
	Call  goto 102
	Receiver  goto 93
	Constant  goto 94
	ArrayConstant  goto 95


state 130
	Expr : Expr '*' . Expr  (65)
	Receiver : .  (55)

	NULL  shift 57
	THIS  shift 58
	NEW  shift 64
	READ_INTEGER  shift 66
	READ_LINE  shift 67
	LITERAL  shift 68
	INSTANCEOF  shift 69
	'-'  shift 72
	'!'  shift 73
	'('  shift 74
	'['  shift 75
	VAR  shift 77
	IDENTIFIER  reduce 55

	Expr  goto 173
	LValue  goto 101
	Call  goto 102
	Receiver  goto 93
	Constant  goto 94
	ArrayConstant  goto 95


state 131
	Expr : Expr '/' . Expr  (66)
	Receiver : .  (55)

	NULL  shift 57
	THIS  shift 58
	NEW  shift 64
	READ_INTEGER  shift 66
	READ_LINE  shift 67
	LITERAL  shift 68
	INSTANCEOF  shift 69
	'-'  shift 72
	'!'  shift 73
	'('  shift 74
	'['  shift 75
	VAR  shift 77
	IDENTIFIER  reduce 55

	Expr  goto 174
	LValue  goto 101
	Call  goto 102
	Receiver  goto 93
	Constant  goto 94
	ArrayConstant  goto 95


state 132
	Expr : Expr '%' . Expr  (67)
	Receiver : .  (55)

	NULL  shift 57
	THIS  shift 58
	NEW  shift 64
	READ_INTEGER  shift 66
	READ_LINE  shift 67
	LITERAL  shift 68
	INSTANCEOF  shift 69
	'-'  shift 72
	'!'  shift 73
	'('  shift 74
	'['  shift 75
	VAR  shift 77
	IDENTIFIER  reduce 55

	Expr  goto 175
	LValue  goto 101
	Call  goto 102
	Receiver  goto 93
	Constant  goto 94
	ArrayConstant  goto 95


state 133
	Expr : Expr '>' . Expr  (71)
	Receiver : .  (55)

	NULL  shift 57
	THIS  shift 58
	NEW  shift 64
	READ_INTEGER  shift 66
	READ_LINE  shift 67
	LITERAL  shift 68
	INSTANCEOF  shift 69
	'-'  shift 72
	'!'  shift 73
	'('  shift 74
	'['  shift 75
	VAR  shift 77
	IDENTIFIER  reduce 55

	Expr  goto 176
	LValue  goto 101
	Call  goto 102
	Receiver  goto 93
	Constant  goto 94
	ArrayConstant  goto 95


state 134
	Expr : Expr '<' . Expr  (70)
	Receiver : .  (55)

	NULL  shift 57
	THIS  shift 58
	NEW  shift 64
	READ_INTEGER  shift 66
	READ_LINE  shift 67
	LITERAL  shift 68
	INSTANCEOF  shift 69
	'-'  shift 72
	'!'  shift 73
	'('  shift 74
	'['  shift 75
	VAR  shift 77
	IDENTIFIER  reduce 55

	Expr  goto 177
	LValue  goto 101
	Call  goto 102
	Receiver  goto 93
	Constant  goto 94
	ArrayConstant  goto 95


state 135
	Receiver : Expr '.' .  (54)

	.  reduce 54


state 136
	LValue : Expr '[' . Expr ']'  (57)
	Expr : Expr '[' . Expr ':' Expr ']'  (88)
	Expr : Expr '[' . Expr ']' DEFAULT Expr  (89)
	Receiver : .  (55)

	NULL  shift 57
	THIS  shift 58
	NEW  shift 64
	READ_INTEGER  shift 66
	READ_LINE  shift 67
	LITERAL  shift 68
	INSTANCEOF  shift 69
	'-'  shift 72
	'!'  shift 73
	'('  shift 74
	'['  shift 75
	VAR  shift 77
	IDENTIFIER  reduce 55

	Expr  goto 178
	LValue  goto 101
	Call  goto 102
	Receiver  goto 93
	Constant  goto 94
	ArrayConstant  goto 95


state 137
	Stmt : ReturnStmt ';' .  (35)

	.  reduce 35


state 138
	Stmt : PrintStmt ';' .  (36)

	.  reduce 36


state 139
	Stmt : BreakStmt ';' .  (37)

	.  reduce 37


state 140
	SimpleStmt : LValue '=' . Expr  (45)
	Receiver : .  (55)

	NULL  shift 57
	THIS  shift 58
	NEW  shift 64
	READ_INTEGER  shift 66
	READ_LINE  shift 67
	LITERAL  shift 68
	INSTANCEOF  shift 69
	'-'  shift 72
	'!'  shift 73
	'('  shift 74
	'['  shift 75
	VAR  shift 77
	IDENTIFIER  reduce 55

	Expr  goto 179
	LValue  goto 101
	Call  goto 102
	Receiver  goto 93
	Constant  goto 94
	ArrayConstant  goto 95


state 141
	LValue : Receiver IDENTIFIER .  (56)
	Call : Receiver IDENTIFIER . '(' Actuals ')'  (59)

	'('  shift 180
	WHILE  reduce 56
	FOR  reduce 56
	IF  reduce 56
	AND  reduce 56
	OR  reduce 56
	LESS_EQUAL  reduce 56
	GREATER_EQUAL  reduce 56
	EQUAL  reduce 56
	NOT_EQUAL  reduce 56
	NEWSAMEARRAY  reduce 56
	JOINTARRAY  reduce 56
	'+'  reduce 56
	'-'  reduce 56
	'*'  reduce 56
	'/'  reduce 56
	'%'  reduce 56
	'='  reduce 56
	'>'  reduce 56
	'<'  reduce 56
	'.'  reduce 56
	':'  reduce 56
	','  reduce 56
	';'  reduce 56
	')'  reduce 56
	'['  reduce 56
	']'  reduce 56


state 142
	Receiver : Expr . '.'  (54)
	LValue : Expr . '[' Expr ']'  (57)
	Expr : Expr . '+' Expr  (63)
	Expr : Expr . '-' Expr  (64)
	Expr : Expr . '*' Expr  (65)
	Expr : Expr . '/' Expr  (66)
	Expr : Expr . '%' Expr  (67)
	Expr : Expr . EQUAL Expr  (68)
	Expr : Expr . NOT_EQUAL Expr  (69)
	Expr : Expr . '<' Expr  (70)
	Expr : Expr . '>' Expr  (71)
	Expr : Expr . LESS_EQUAL Expr  (72)
	Expr : Expr . GREATER_EQUAL Expr  (73)
	Expr : Expr . AND Expr  (74)
	Expr : Expr . OR Expr  (75)
	Expr : Expr . NEWSAMEARRAY Expr  (86)
	Expr : Expr . JOINTARRAY Expr  (87)
	Expr : Expr . '[' Expr ':' Expr ']'  (88)
	Expr : Expr . '[' Expr ']' DEFAULT Expr  (89)
	WhileStmt : WHILE '(' Expr . ')' Stmt  (105)

	AND  shift 120
	OR  shift 121
	LESS_EQUAL  shift 122
	GREATER_EQUAL  shift 123
	EQUAL  shift 124
	NOT_EQUAL  shift 125
	NEWSAMEARRAY  shift 126
	JOINTARRAY  shift 127
	'+'  shift 128
	'-'  shift 129
	'*'  shift 130
	'/'  shift 131
	'%'  shift 132
	'>'  shift 133
	'<'  shift 134
	'.'  shift 135
	')'  shift 181
	'['  shift 136
	.  error


state 143
	ForStmt : FOR '(' SimpleStmt . ';' Expr ';' SimpleStmt ')' Stmt  (106)

	';'  shift 182
	.  error


state 144
	Receiver : Expr . '.'  (54)
	LValue : Expr . '[' Expr ']'  (57)
	Expr : Expr . '+' Expr  (63)
	Expr : Expr . '-' Expr  (64)
	Expr : Expr . '*' Expr  (65)
	Expr : Expr . '/' Expr  (66)
	Expr : Expr . '%' Expr  (67)
	Expr : Expr . EQUAL Expr  (68)
	Expr : Expr . NOT_EQUAL Expr  (69)
	Expr : Expr . '<' Expr  (70)
	Expr : Expr . '>' Expr  (71)
	Expr : Expr . LESS_EQUAL Expr  (72)
	Expr : Expr . GREATER_EQUAL Expr  (73)
	Expr : Expr . AND Expr  (74)
	Expr : Expr . OR Expr  (75)
	Expr : Expr . NEWSAMEARRAY Expr  (86)
	Expr : Expr . JOINTARRAY Expr  (87)
	Expr : Expr . '[' Expr ':' Expr ']'  (88)
	Expr : Expr . '[' Expr ']' DEFAULT Expr  (89)
	IfStmt : IF '(' Expr . ')' Stmt ElseClause  (108)

	AND  shift 120
	OR  shift 121
	LESS_EQUAL  shift 122
	GREATER_EQUAL  shift 123
	EQUAL  shift 124
	NOT_EQUAL  shift 125
	NEWSAMEARRAY  shift 126
	JOINTARRAY  shift 127
	'+'  shift 128
	'-'  shift 129
	'*'  shift 130
	'/'  shift 131
	'%'  shift 132
	'>'  shift 133
	'<'  shift 134
	'.'  shift 135
	')'  shift 183
	'['  shift 136
	.  error


state 145
	GuardedStmt : IF '{' '}' .  (49)

	.  reduce 49


state 146
	GuardedStmt : IF '{' IfBranchList . IfSubStmt '}'  (48)
	IfBranchList : IfBranchList . IfBranch  (52)
	Receiver : .  (55)

	NULL  shift 57
	THIS  shift 58
	NEW  shift 64
	READ_INTEGER  shift 66
	READ_LINE  shift 67
	LITERAL  shift 68
	INSTANCEOF  shift 69
	'-'  shift 72
	'!'  shift 73
	'('  shift 74
	'['  shift 75
	VAR  shift 77
	IDENTIFIER  reduce 55

	Expr  goto 184
	LValue  goto 101
	Call  goto 102
	IfSubStmt  goto 185
	IfBranch  goto 186
	Receiver  goto 93
	Constant  goto 94
	ArrayConstant  goto 95


state 147
	Expr : NEW IDENTIFIER '(' . ')'  (82)

	')'  shift 187
	.  error


state 148
	Type : Type '[' . ']'  (11)
	Expr : NEW Type '[' . Expr ']'  (83)
	Receiver : .  (55)

	NULL  shift 57
	THIS  shift 58
	NEW  shift 64
	READ_INTEGER  shift 66
	READ_LINE  shift 67
	LITERAL  shift 68
	INSTANCEOF  shift 69
	'-'  shift 72
	'!'  shift 73
	'('  shift 74
	'['  shift 75
	']'  shift 40
	VAR  shift 77
	IDENTIFIER  reduce 55

	Expr  goto 188
	LValue  goto 101
	Call  goto 102
	Receiver  goto 93
	Constant  goto 94
	ArrayConstant  goto 95


state 149
	Receiver : Expr . '.'  (54)
	LValue : Expr . '[' Expr ']'  (57)
	Expr : Expr . '+' Expr  (63)
	Expr : Expr . '-' Expr  (64)
	Expr : Expr . '*' Expr  (65)
	Expr : Expr . '/' Expr  (66)
	Expr : Expr . '%' Expr  (67)
	Expr : Expr . EQUAL Expr  (68)
	Expr : Expr . NOT_EQUAL Expr  (69)
	Expr : Expr . '<' Expr  (70)
	Expr : Expr . '>' Expr  (71)
	Expr : Expr . LESS_EQUAL Expr  (72)
	Expr : Expr . GREATER_EQUAL Expr  (73)
	Expr : Expr . AND Expr  (74)
	Expr : Expr . OR Expr  (75)
	Expr : Expr . NEWSAMEARRAY Expr  (86)
	Expr : Expr . JOINTARRAY Expr  (87)
	Expr : Expr . '[' Expr ':' Expr ']'  (88)
	Expr : Expr . '[' Expr ']' DEFAULT Expr  (89)
	ExprList : Expr .  (104)

	AND  shift 120
	OR  shift 121
	LESS_EQUAL  shift 122
	GREATER_EQUAL  shift 123
	EQUAL  shift 124
	NOT_EQUAL  shift 125
	NEWSAMEARRAY  shift 126
	JOINTARRAY  shift 127
	'+'  shift 128
	'-'  shift 129
	'*'  shift 130
	'/'  shift 131
	'%'  shift 132
	'>'  shift 133
	'<'  shift 134
	'.'  shift 135
	'['  shift 136
	','  reduce 104
	')'  reduce 104


state 150
	ExprList : ExprList . ',' Expr  (103)
	PrintStmt : PRINT '(' ExprList . ')'  (113)

	','  shift 189
	')'  shift 190
	.  error


state 151
	Expr : READ_INTEGER '(' ')' .  (79)

	.  reduce 79


state 152
	Expr : READ_LINE '(' ')' .  (80)

	.  reduce 80


state 153
	Receiver : Expr . '.'  (54)
	LValue : Expr . '[' Expr ']'  (57)
	Expr : Expr . '+' Expr  (63)
	Expr : Expr . '-' Expr  (64)
	Expr : Expr . '*' Expr  (65)
	Expr : Expr . '/' Expr  (66)
	Expr : Expr . '%' Expr  (67)
	Expr : Expr . EQUAL Expr  (68)
	Expr : Expr . NOT_EQUAL Expr  (69)
	Expr : Expr . '<' Expr  (70)
	Expr : Expr . '>' Expr  (71)
	Expr : Expr . LESS_EQUAL Expr  (72)
	Expr : Expr . GREATER_EQUAL Expr  (73)
	Expr : Expr . AND Expr  (74)
	Expr : Expr . OR Expr  (75)
	Expr : INSTANCEOF '(' Expr . ',' IDENTIFIER ')'  (84)
	Expr : Expr . NEWSAMEARRAY Expr  (86)
	Expr : Expr . JOINTARRAY Expr  (87)
	Expr : Expr . '[' Expr ':' Expr ']'  (88)
	Expr : Expr . '[' Expr ']' DEFAULT Expr  (89)

	AND  shift 120
	OR  shift 121
	LESS_EQUAL  shift 122
	GREATER_EQUAL  shift 123
	EQUAL  shift 124
	NOT_EQUAL  shift 125
	NEWSAMEARRAY  shift 126
	JOINTARRAY  shift 127
	'+'  shift 128
	'-'  shift 129
	'*'  shift 130
	'/'  shift 131
	'%'  shift 132
	'>'  shift 133
	'<'  shift 134
	'.'  shift 135
	','  shift 191
	'['  shift 136
	.  error


state 154
	Stmt : SCOPY '(' IDENTIFIER . ',' Expr ')'  (31)

	','  shift 192
	.  error


state 155
	BoundVariable : VAR . IDENTIFIER  (43)

	IDENTIFIER  shift 193
	.  error


state 156
	Type : Type . '[' ']'  (11)
	BoundVariable : Type . IDENTIFIER  (44)

	IDENTIFIER  shift 194
	'['  shift 36
	.  error


state 157
	ForeachStmt : FOREACH '(' BoundVariable . IN Expr WHILE Expr ')' Stmt  (41)
	ForeachStmt : FOREACH '(' BoundVariable . IN Expr ')' Stmt  (42)

	IN  shift 195
	.  error


state 158
	Expr : '(' CLASS IDENTIFIER . ')' Expr  (85)

	')'  shift 196
	.  error


state 159
	Expr : '(' Expr ')' .  (76)

	.  reduce 76


state 160
	Expr : '[' Expr FOR . IDENTIFIER IN Expr BoolExpr ']'  (90)
	Expr : '[' Expr FOR . IDENTIFIER IN Expr ']'  (91)

	IDENTIFIER  shift 197
	.  error


state 161
	ConstantList : ConstantList ',' . Constant  (98)

	NULL  shift 57
	LITERAL  shift 68
	'['  shift 198
	.  error

	Constant  goto 199
	ArrayConstant  goto 95


state 162
	ArrayConstant : '[' ConstantList ']' .  (97)

	.  reduce 97


state 163
	Receiver : Expr . '.'  (54)
	LValue : Expr . '[' Expr ']'  (57)
	Expr : Expr . '+' Expr  (63)
	Expr : Expr . '-' Expr  (64)
	Expr : Expr . '*' Expr  (65)
	Expr : Expr . '/' Expr  (66)
	Expr : Expr . '%' Expr  (67)
	Expr : Expr . EQUAL Expr  (68)
	Expr : Expr . NOT_EQUAL Expr  (69)
	Expr : Expr . '<' Expr  (70)
	Expr : Expr . '>' Expr  (71)
	Expr : Expr . LESS_EQUAL Expr  (72)
	Expr : Expr . GREATER_EQUAL Expr  (73)
	Expr : Expr . AND Expr  (74)
	Expr : Expr AND Expr .  (74)
	Expr : Expr . OR Expr  (75)
	Expr : Expr . NEWSAMEARRAY Expr  (86)
	Expr : Expr . JOINTARRAY Expr  (87)
	Expr : Expr . '[' Expr ':' Expr ']'  (88)
	Expr : Expr . '[' Expr ']' DEFAULT Expr  (89)

	LESS_EQUAL  shift 122
	GREATER_EQUAL  shift 123
	EQUAL  shift 124
	NOT_EQUAL  shift 125
	NEWSAMEARRAY  shift 126
	JOINTARRAY  shift 127
	'+'  shift 128
	'-'  shift 129
	'*'  shift 130
	'/'  shift 131
	'%'  shift 132
	'>'  shift 133
	'<'  shift 134
	'.'  shift 135
	'['  shift 136
	WHILE  reduce 74
	FOR  reduce 74
	IF  reduce 74
	AND  reduce 74
	OR  reduce 74
	':'  reduce 74
	','  reduce 74
	';'  reduce 74
	')'  reduce 74
	']'  reduce 74


state 164
	Receiver : Expr . '.'  (54)
	LValue : Expr . '[' Expr ']'  (57)
	Expr : Expr . '+' Expr  (63)
	Expr : Expr . '-' Expr  (64)
	Expr : Expr . '*' Expr  (65)
	Expr : Expr . '/' Expr  (66)
	Expr : Expr . '%' Expr  (67)
	Expr : Expr . EQUAL Expr  (68)
	Expr : Expr . NOT_EQUAL Expr  (69)
	Expr : Expr . '<' Expr  (70)
	Expr : Expr . '>' Expr  (71)
	Expr : Expr . LESS_EQUAL Expr  (72)
	Expr : Expr . GREATER_EQUAL Expr  (73)
	Expr : Expr . AND Expr  (74)
	Expr : Expr . OR Expr  (75)
	Expr : Expr OR Expr .  (75)
	Expr : Expr . NEWSAMEARRAY Expr  (86)
	Expr : Expr . JOINTARRAY Expr  (87)
	Expr : Expr . '[' Expr ':' Expr ']'  (88)
	Expr : Expr . '[' Expr ']' DEFAULT Expr  (89)

	AND  shift 120
	LESS_EQUAL  shift 122
	GREATER_EQUAL  shift 123
	EQUAL  shift 124
	NOT_EQUAL  shift 125
	NEWSAMEARRAY  shift 126
	JOINTARRAY  shift 127
	'+'  shift 128
	'-'  shift 129
	'*'  shift 130
	'/'  shift 131
	'%'  shift 132
	'>'  shift 133
	'<'  shift 134
	'.'  shift 135
	'['  shift 136
	WHILE  reduce 75
	FOR  reduce 75
	IF  reduce 75
	OR  reduce 75
	':'  reduce 75
	','  reduce 75
	';'  reduce 75
	')'  reduce 75
	']'  reduce 75


state 165
	Receiver : Expr . '.'  (54)
	LValue : Expr . '[' Expr ']'  (57)
	Expr : Expr . '+' Expr  (63)
	Expr : Expr . '-' Expr  (64)
	Expr : Expr . '*' Expr  (65)
	Expr : Expr . '/' Expr  (66)
	Expr : Expr . '%' Expr  (67)
	Expr : Expr . EQUAL Expr  (68)
	Expr : Expr . NOT_EQUAL Expr  (69)
	Expr : Expr . '<' Expr  (70)
	Expr : Expr . '>' Expr  (71)
	Expr : Expr . LESS_EQUAL Expr  (72)
	Expr : Expr LESS_EQUAL Expr .  (72)
	Expr : Expr . GREATER_EQUAL Expr  (73)
	Expr : Expr . AND Expr  (74)
	Expr : Expr . OR Expr  (75)
	Expr : Expr . NEWSAMEARRAY Expr  (86)
	Expr : Expr . JOINTARRAY Expr  (87)
	Expr : Expr . '[' Expr ':' Expr ']'  (88)
	Expr : Expr . '[' Expr ']' DEFAULT Expr  (89)

	NEWSAMEARRAY  shift 126
	JOINTARRAY  shift 127
	'+'  shift 128
	'-'  shift 129
	'*'  shift 130
	'/'  shift 131
	'%'  shift 132
	'.'  shift 135
	'['  shift 136
	WHILE  reduce 72
	FOR  reduce 72
	IF  reduce 72
	AND  reduce 72
	OR  reduce 72
	EQUAL  reduce 72
	NOT_EQUAL  reduce 72
	':'  reduce 72
	','  reduce 72
	';'  reduce 72
	')'  reduce 72
	']'  reduce 72


state 166
	Receiver : Expr . '.'  (54)
	LValue : Expr . '[' Expr ']'  (57)
	Expr : Expr . '+' Expr  (63)
	Expr : Expr . '-' Expr  (64)
	Expr : Expr . '*' Expr  (65)
	Expr : Expr . '/' Expr  (66)
	Expr : Expr . '%' Expr  (67)
	Expr : Expr . EQUAL Expr  (68)
	Expr : Expr . NOT_EQUAL Expr  (69)
	Expr : Expr . '<' Expr  (70)
	Expr : Expr . '>' Expr  (71)
	Expr : Expr . LESS_EQUAL Expr  (72)
	Expr : Expr . GREATER_EQUAL Expr  (73)
	Expr : Expr GREATER_EQUAL Expr .  (73)
	Expr : Expr . AND Expr  (74)
	Expr : Expr . OR Expr  (75)
	Expr : Expr . NEWSAMEARRAY Expr  (86)
	Expr : Expr . JOINTARRAY Expr  (87)
	Expr : Expr . '[' Expr ':' Expr ']'  (88)
	Expr : Expr . '[' Expr ']' DEFAULT Expr  (89)

	NEWSAMEARRAY  shift 126
	JOINTARRAY  shift 127
	'+'  shift 128
	'-'  shift 129
	'*'  shift 130
	'/'  shift 131
	'%'  shift 132
	'.'  shift 135
	'['  shift 136
	WHILE  reduce 73
	FOR  reduce 73
	IF  reduce 73
	AND  reduce 73
	OR  reduce 73
	EQUAL  reduce 73
	NOT_EQUAL  reduce 73
	':'  reduce 73
	','  reduce 73
	';'  reduce 73
	')'  reduce 73
	']'  reduce 73


state 167
	Receiver : Expr . '.'  (54)
	LValue : Expr . '[' Expr ']'  (57)
	Expr : Expr . '+' Expr  (63)
	Expr : Expr . '-' Expr  (64)
	Expr : Expr . '*' Expr  (65)
	Expr : Expr . '/' Expr  (66)
	Expr : Expr . '%' Expr  (67)
	Expr : Expr . EQUAL Expr  (68)
	Expr : Expr EQUAL Expr .  (68)
	Expr : Expr . NOT_EQUAL Expr  (69)
	Expr : Expr . '<' Expr  (70)
	Expr : Expr . '>' Expr  (71)
	Expr : Expr . LESS_EQUAL Expr  (72)
	Expr : Expr . GREATER_EQUAL Expr  (73)
	Expr : Expr . AND Expr  (74)
	Expr : Expr . OR Expr  (75)
	Expr : Expr . NEWSAMEARRAY Expr  (86)
	Expr : Expr . JOINTARRAY Expr  (87)
	Expr : Expr . '[' Expr ':' Expr ']'  (88)
	Expr : Expr . '[' Expr ']' DEFAULT Expr  (89)

	LESS_EQUAL  shift 122
	GREATER_EQUAL  shift 123
	NEWSAMEARRAY  shift 126
	JOINTARRAY  shift 127
	'+'  shift 128
	'-'  shift 129
	'*'  shift 130
	'/'  shift 131
	'%'  shift 132
	'>'  shift 133
	'<'  shift 134
	'.'  shift 135
	'['  shift 136
	WHILE  reduce 68
	FOR  reduce 68
	IF  reduce 68
	AND  reduce 68
	OR  reduce 68
	':'  reduce 68
	','  reduce 68
	';'  reduce 68
	')'  reduce 68
	']'  reduce 68


state 168
	Receiver : Expr . '.'  (54)
	LValue : Expr . '[' Expr ']'  (57)
	Expr : Expr . '+' Expr  (63)
	Expr : Expr . '-' Expr  (64)
	Expr : Expr . '*' Expr  (65)
	Expr : Expr . '/' Expr  (66)
	Expr : Expr . '%' Expr  (67)
	Expr : Expr . EQUAL Expr  (68)
	Expr : Expr . NOT_EQUAL Expr  (69)
	Expr : Expr NOT_EQUAL Expr .  (69)
	Expr : Expr . '<' Expr  (70)
	Expr : Expr . '>' Expr  (71)
	Expr : Expr . LESS_EQUAL Expr  (72)
	Expr : Expr . GREATER_EQUAL Expr  (73)
	Expr : Expr . AND Expr  (74)
	Expr : Expr . OR Expr  (75)
	Expr : Expr . NEWSAMEARRAY Expr  (86)
	Expr : Expr . JOINTARRAY Expr  (87)
	Expr : Expr . '[' Expr ':' Expr ']'  (88)
	Expr : Expr . '[' Expr ']' DEFAULT Expr  (89)

	LESS_EQUAL  shift 122
	GREATER_EQUAL  shift 123
	NEWSAMEARRAY  shift 126
	JOINTARRAY  shift 127
	'+'  shift 128
	'-'  shift 129
	'*'  shift 130
	'/'  shift 131
	'%'  shift 132
	'>'  shift 133
	'<'  shift 134
	'.'  shift 135
	'['  shift 136
	WHILE  reduce 69
	FOR  reduce 69
	IF  reduce 69
	AND  reduce 69
	OR  reduce 69
	':'  reduce 69
	','  reduce 69
	';'  reduce 69
	')'  reduce 69
	']'  reduce 69


state 169
	Receiver : Expr . '.'  (54)
	LValue : Expr . '[' Expr ']'  (57)
	Expr : Expr . '+' Expr  (63)
	Expr : Expr . '-' Expr  (64)
	Expr : Expr . '*' Expr  (65)
	Expr : Expr . '/' Expr  (66)
	Expr : Expr . '%' Expr  (67)
	Expr : Expr . EQUAL Expr  (68)
	Expr : Expr . NOT_EQUAL Expr  (69)
	Expr : Expr . '<' Expr  (70)
	Expr : Expr . '>' Expr  (71)
	Expr : Expr . LESS_EQUAL Expr  (72)
	Expr : Expr . GREATER_EQUAL Expr  (73)
	Expr : Expr . AND Expr  (74)
	Expr : Expr . OR Expr  (75)
	Expr : Expr . NEWSAMEARRAY Expr  (86)
	Expr : Expr NEWSAMEARRAY Expr .  (86)
	Expr : Expr . JOINTARRAY Expr  (87)
	Expr : Expr . '[' Expr ':' Expr ']'  (88)
	Expr : Expr . '[' Expr ']' DEFAULT Expr  (89)

	'+'  shift 128
	'-'  shift 129
	'*'  shift 130
	'/'  shift 131
	'%'  shift 132
	'.'  shift 135
	'['  shift 136
	WHILE  reduce 86
	FOR  reduce 86
	IF  reduce 86
	AND  reduce 86
	OR  reduce 86
	LESS_EQUAL  reduce 86
	GREATER_EQUAL  reduce 86
	EQUAL  reduce 86
	NOT_EQUAL  reduce 86
	NEWSAMEARRAY  reduce 86
	JOINTARRAY  reduce 86
	'>'  reduce 86
	'<'  reduce 86
	':'  reduce 86
	','  reduce 86
	';'  reduce 86
	')'  reduce 86
	']'  reduce 86


state 170
	Receiver : Expr . '.'  (54)
	LValue : Expr . '[' Expr ']'  (57)
	Expr : Expr . '+' Expr  (63)
	Expr : Expr . '-' Expr  (64)
	Expr : Expr . '*' Expr  (65)
	Expr : Expr . '/' Expr  (66)
	Expr : Expr . '%' Expr  (67)
	Expr : Expr . EQUAL Expr  (68)
	Expr : Expr . NOT_EQUAL Expr  (69)
	Expr : Expr . '<' Expr  (70)
	Expr : Expr . '>' Expr  (71)
	Expr : Expr . LESS_EQUAL Expr  (72)
	Expr : Expr . GREATER_EQUAL Expr  (73)
	Expr : Expr . AND Expr  (74)
	Expr : Expr . OR Expr  (75)
	Expr : Expr . NEWSAMEARRAY Expr  (86)
	Expr : Expr . JOINTARRAY Expr  (87)
	Expr : Expr JOINTARRAY Expr .  (87)
	Expr : Expr . '[' Expr ':' Expr ']'  (88)
	Expr : Expr . '[' Expr ']' DEFAULT Expr  (89)

	NEWSAMEARRAY  shift 126
	JOINTARRAY  shift 127
	'+'  shift 128
	'-'  shift 129
	'*'  shift 130
	'/'  shift 131
	'%'  shift 132
	'.'  shift 135
	'['  shift 136
	WHILE  reduce 87
	FOR  reduce 87
	IF  reduce 87
	AND  reduce 87
	OR  reduce 87
	LESS_EQUAL  reduce 87
	GREATER_EQUAL  reduce 87
	EQUAL  reduce 87
	NOT_EQUAL  reduce 87
	'>'  reduce 87
	'<'  reduce 87
	':'  reduce 87
	','  reduce 87
	';'  reduce 87
	')'  reduce 87
	']'  reduce 87


state 171
	Receiver : Expr . '.'  (54)
	LValue : Expr . '[' Expr ']'  (57)
	Expr : Expr . '+' Expr  (63)
	Expr : Expr '+' Expr .  (63)
	Expr : Expr . '-' Expr  (64)
	Expr : Expr . '*' Expr  (65)
	Expr : Expr . '/' Expr  (66)
	Expr : Expr . '%' Expr  (67)
	Expr : Expr . EQUAL Expr  (68)
	Expr : Expr . NOT_EQUAL Expr  (69)
	Expr : Expr . '<' Expr  (70)
	Expr : Expr . '>' Expr  (71)
	Expr : Expr . LESS_EQUAL Expr  (72)
	Expr : Expr . GREATER_EQUAL Expr  (73)
	Expr : Expr . AND Expr  (74)
	Expr : Expr . OR Expr  (75)
	Expr : Expr . NEWSAMEARRAY Expr  (86)
	Expr : Expr . JOINTARRAY Expr  (87)
	Expr : Expr . '[' Expr ':' Expr ']'  (88)
	Expr : Expr . '[' Expr ']' DEFAULT Expr  (89)

	'*'  shift 130
	'/'  shift 131
	'%'  shift 132
	'.'  shift 135
	'['  shift 136
	WHILE  reduce 63
	FOR  reduce 63
	IF  reduce 63
	AND  reduce 63
	OR  reduce 63
	LESS_EQUAL  reduce 63
	GREATER_EQUAL  reduce 63
	EQUAL  reduce 63
	NOT_EQUAL  reduce 63
	NEWSAMEARRAY  reduce 63
	JOINTARRAY  reduce 63
	'+'  reduce 63
	'-'  reduce 63
	'>'  reduce 63
	'<'  reduce 63
	':'  reduce 63
	','  reduce 63
	';'  reduce 63
	')'  reduce 63
	']'  reduce 63


state 172
	Receiver : Expr . '.'  (54)
	LValue : Expr . '[' Expr ']'  (57)
	Expr : Expr . '+' Expr  (63)
	Expr : Expr . '-' Expr  (64)
	Expr : Expr '-' Expr .  (64)
	Expr : Expr . '*' Expr  (65)
	Expr : Expr . '/' Expr  (66)
	Expr : Expr . '%' Expr  (67)
	Expr : Expr . EQUAL Expr  (68)
	Expr : Expr . NOT_EQUAL Expr  (69)
	Expr : Expr . '<' Expr  (70)
	Expr : Expr . '>' Expr  (71)
	Expr : Expr . LESS_EQUAL Expr  (72)
	Expr : Expr . GREATER_EQUAL Expr  (73)
	Expr : Expr . AND Expr  (74)
	Expr : Expr . OR Expr  (75)
	Expr : Expr . NEWSAMEARRAY Expr  (86)
	Expr : Expr . JOINTARRAY Expr  (87)
	Expr : Expr . '[' Expr ':' Expr ']'  (88)
	Expr : Expr . '[' Expr ']' DEFAULT Expr  (89)

	'*'  shift 130
	'/'  shift 131
	'%'  shift 132
	'.'  shift 135
	'['  shift 136
	WHILE  reduce 64
	FOR  reduce 64
	IF  reduce 64
	AND  reduce 64
	OR  reduce 64
	LESS_EQUAL  reduce 64
	GREATER_EQUAL  reduce 64
	EQUAL  reduce 64
	NOT_EQUAL  reduce 64
	NEWSAMEARRAY  reduce 64
	JOINTARRAY  reduce 64
	'+'  reduce 64
	'-'  reduce 64
	'>'  reduce 64
	'<'  reduce 64
	':'  reduce 64
	','  reduce 64
	';'  reduce 64
	')'  reduce 64
	']'  reduce 64


state 173
	Receiver : Expr . '.'  (54)
	LValue : Expr . '[' Expr ']'  (57)
	Expr : Expr . '+' Expr  (63)
	Expr : Expr . '-' Expr  (64)
	Expr : Expr . '*' Expr  (65)
	Expr : Expr '*' Expr .  (65)
	Expr : Expr . '/' Expr  (66)
	Expr : Expr . '%' Expr  (67)
	Expr : Expr . EQUAL Expr  (68)
	Expr : Expr . NOT_EQUAL Expr  (69)
	Expr : Expr . '<' Expr  (70)
	Expr : Expr . '>' Expr  (71)
	Expr : Expr . LESS_EQUAL Expr  (72)
	Expr : Expr . GREATER_EQUAL Expr  (73)
	Expr : Expr . AND Expr  (74)
	Expr : Expr . OR Expr  (75)
	Expr : Expr . NEWSAMEARRAY Expr  (86)
	Expr : Expr . JOINTARRAY Expr  (87)
	Expr : Expr . '[' Expr ':' Expr ']'  (88)
	Expr : Expr . '[' Expr ']' DEFAULT Expr  (89)

	'.'  shift 135
	'['  shift 136
	WHILE  reduce 65
	FOR  reduce 65
	IF  reduce 65
	AND  reduce 65
	OR  reduce 65
	LESS_EQUAL  reduce 65
	GREATER_EQUAL  reduce 65
	EQUAL  reduce 65
	NOT_EQUAL  reduce 65
	NEWSAMEARRAY  reduce 65
	JOINTARRAY  reduce 65
	'+'  reduce 65
	'-'  reduce 65
	'*'  reduce 65
	'/'  reduce 65
	'%'  reduce 65
	'>'  reduce 65
	'<'  reduce 65
	':'  reduce 65
	','  reduce 65
	';'  reduce 65
	')'  reduce 65
	']'  reduce 65


state 174
	Receiver : Expr . '.'  (54)
	LValue : Expr . '[' Expr ']'  (57)
	Expr : Expr . '+' Expr  (63)
	Expr : Expr . '-' Expr  (64)
	Expr : Expr . '*' Expr  (65)
	Expr : Expr . '/' Expr  (66)
	Expr : Expr '/' Expr .  (66)
	Expr : Expr . '%' Expr  (67)
	Expr : Expr . EQUAL Expr  (68)
	Expr : Expr . NOT_EQUAL Expr  (69)
	Expr : Expr . '<' Expr  (70)
	Expr : Expr . '>' Expr  (71)
	Expr : Expr . LESS_EQUAL Expr  (72)
	Expr : Expr . GREATER_EQUAL Expr  (73)
	Expr : Expr . AND Expr  (74)
	Expr : Expr . OR Expr  (75)
	Expr : Expr . NEWSAMEARRAY Expr  (86)
	Expr : Expr . JOINTARRAY Expr  (87)
	Expr : Expr . '[' Expr ':' Expr ']'  (88)
	Expr : Expr . '[' Expr ']' DEFAULT Expr  (89)

	'.'  shift 135
	'['  shift 136
	WHILE  reduce 66
	FOR  reduce 66
	IF  reduce 66
	AND  reduce 66
	OR  reduce 66
	LESS_EQUAL  reduce 66
	GREATER_EQUAL  reduce 66
	EQUAL  reduce 66
	NOT_EQUAL  reduce 66
	NEWSAMEARRAY  reduce 66
	JOINTARRAY  reduce 66
	'+'  reduce 66
	'-'  reduce 66
	'*'  reduce 66
	'/'  reduce 66
	'%'  reduce 66
	'>'  reduce 66
	'<'  reduce 66
	':'  reduce 66
	','  reduce 66
	';'  reduce 66
	')'  reduce 66
	']'  reduce 66


state 175
	Receiver : Expr . '.'  (54)
	LValue : Expr . '[' Expr ']'  (57)
	Expr : Expr . '+' Expr  (63)
	Expr : Expr . '-' Expr  (64)
	Expr : Expr . '*' Expr  (65)
	Expr : Expr . '/' Expr  (66)
	Expr : Expr . '%' Expr  (67)
	Expr : Expr '%' Expr .  (67)
	Expr : Expr . EQUAL Expr  (68)
	Expr : Expr . NOT_EQUAL Expr  (69)
	Expr : Expr . '<' Expr  (70)
	Expr : Expr . '>' Expr  (71)
	Expr : Expr . LESS_EQUAL Expr  (72)
	Expr : Expr . GREATER_EQUAL Expr  (73)
	Expr : Expr . AND Expr  (74)
	Expr : Expr . OR Expr  (75)
	Expr : Expr . NEWSAMEARRAY Expr  (86)
	Expr : Expr . JOINTARRAY Expr  (87)
	Expr : Expr . '[' Expr ':' Expr ']'  (88)
	Expr : Expr . '[' Expr ']' DEFAULT Expr  (89)

	'.'  shift 135
	'['  shift 136
	WHILE  reduce 67
	FOR  reduce 67
	IF  reduce 67
	AND  reduce 67
	OR  reduce 67
	LESS_EQUAL  reduce 67
	GREATER_EQUAL  reduce 67
	EQUAL  reduce 67
	NOT_EQUAL  reduce 67
	NEWSAMEARRAY  reduce 67
	JOINTARRAY  reduce 67
	'+'  reduce 67
	'-'  reduce 67
	'*'  reduce 67
	'/'  reduce 67
	'%'  reduce 67
	'>'  reduce 67
	'<'  reduce 67
	':'  reduce 67
	','  reduce 67
	';'  reduce 67
	')'  reduce 67
	']'  reduce 67


state 176
	Receiver : Expr . '.'  (54)
	LValue : Expr . '[' Expr ']'  (57)
	Expr : Expr . '+' Expr  (63)
	Expr : Expr . '-' Expr  (64)
	Expr : Expr . '*' Expr  (65)
	Expr : Expr . '/' Expr  (66)
	Expr : Expr . '%' Expr  (67)
	Expr : Expr . EQUAL Expr  (68)
	Expr : Expr . NOT_EQUAL Expr  (69)
	Expr : Expr . '<' Expr  (70)
	Expr : Expr . '>' Expr  (71)
	Expr : Expr '>' Expr .  (71)
	Expr : Expr . LESS_EQUAL Expr  (72)
	Expr : Expr . GREATER_EQUAL Expr  (73)
	Expr : Expr . AND Expr  (74)
	Expr : Expr . OR Expr  (75)
	Expr : Expr . NEWSAMEARRAY Expr  (86)
	Expr : Expr . JOINTARRAY Expr  (87)
	Expr : Expr . '[' Expr ':' Expr ']'  (88)
	Expr : Expr . '[' Expr ']' DEFAULT Expr  (89)

	NEWSAMEARRAY  shift 126
	JOINTARRAY  shift 127
	'+'  shift 128
	'-'  shift 129
	'*'  shift 130
	'/'  shift 131
	'%'  shift 132
	'.'  shift 135
	'['  shift 136
	WHILE  reduce 71
	FOR  reduce 71
	IF  reduce 71
	AND  reduce 71
	OR  reduce 71
	EQUAL  reduce 71
	NOT_EQUAL  reduce 71
	':'  reduce 71
	','  reduce 71
	';'  reduce 71
	')'  reduce 71
	']'  reduce 71


state 177
	Receiver : Expr . '.'  (54)
	LValue : Expr . '[' Expr ']'  (57)
	Expr : Expr . '+' Expr  (63)
	Expr : Expr . '-' Expr  (64)
	Expr : Expr . '*' Expr  (65)
	Expr : Expr . '/' Expr  (66)
	Expr : Expr . '%' Expr  (67)
	Expr : Expr . EQUAL Expr  (68)
	Expr : Expr . NOT_EQUAL Expr  (69)
	Expr : Expr . '<' Expr  (70)
	Expr : Expr '<' Expr .  (70)
	Expr : Expr . '>' Expr  (71)
	Expr : Expr . LESS_EQUAL Expr  (72)
	Expr : Expr . GREATER_EQUAL Expr  (73)
	Expr : Expr . AND Expr  (74)
	Expr : Expr . OR Expr  (75)
	Expr : Expr . NEWSAMEARRAY Expr  (86)
	Expr : Expr . JOINTARRAY Expr  (87)
	Expr : Expr . '[' Expr ':' Expr ']'  (88)
	Expr : Expr . '[' Expr ']' DEFAULT Expr  (89)

	NEWSAMEARRAY  shift 126
	JOINTARRAY  shift 127
	'+'  shift 128
	'-'  shift 129
	'*'  shift 130
	'/'  shift 131
	'%'  shift 132
	'.'  shift 135
	'['  shift 136
	WHILE  reduce 70
	FOR  reduce 70
	IF  reduce 70
	AND  reduce 70
	OR  reduce 70
	EQUAL  reduce 70
	NOT_EQUAL  reduce 70
	':'  reduce 70
	','  reduce 70
	';'  reduce 70
	')'  reduce 70
	']'  reduce 70


state 178
	Receiver : Expr . '.'  (54)
	LValue : Expr . '[' Expr ']'  (57)
	LValue : Expr '[' Expr . ']'  (57)
	Expr : Expr . '+' Expr  (63)
	Expr : Expr . '-' Expr  (64)
	Expr : Expr . '*' Expr  (65)
	Expr : Expr . '/' Expr  (66)
	Expr : Expr . '%' Expr  (67)
	Expr : Expr . EQUAL Expr  (68)
	Expr : Expr . NOT_EQUAL Expr  (69)
	Expr : Expr . '<' Expr  (70)
	Expr : Expr . '>' Expr  (71)
	Expr : Expr . LESS_EQUAL Expr  (72)
	Expr : Expr . GREATER_EQUAL Expr  (73)
	Expr : Expr . AND Expr  (74)
	Expr : Expr . OR Expr  (75)
	Expr : Expr . NEWSAMEARRAY Expr  (86)
	Expr : Expr . JOINTARRAY Expr  (87)
	Expr : Expr . '[' Expr ':' Expr ']'  (88)
	Expr : Expr '[' Expr . ':' Expr ']'  (88)
	Expr : Expr . '[' Expr ']' DEFAULT Expr  (89)
	Expr : Expr '[' Expr . ']' DEFAULT Expr  (89)

	AND  shift 120
	OR  shift 121
	LESS_EQUAL  shift 122
	GREATER_EQUAL  shift 123
	EQUAL  shift 124
	NOT_EQUAL  shift 125
	NEWSAMEARRAY  shift 126
	JOINTARRAY  shift 127
	'+'  shift 128
	'-'  shift 129
	'*'  shift 130
	'/'  shift 131
	'%'  shift 132
	'>'  shift 133
	'<'  shift 134
	'.'  shift 135
	':'  shift 200
	'['  shift 136
	']'  shift 201
	.  error


state 179
	SimpleStmt : LValue '=' Expr .  (45)
	Receiver : Expr . '.'  (54)
	LValue : Expr . '[' Expr ']'  (57)
	Expr : Expr . '+' Expr  (63)
	Expr : Expr . '-' Expr  (64)
	Expr : Expr . '*' Expr  (65)
	Expr : Expr . '/' Expr  (66)
	Expr : Expr . '%' Expr  (67)
	Expr : Expr . EQUAL Expr  (68)
	Expr : Expr . NOT_EQUAL Expr  (69)
	Expr : Expr . '<' Expr  (70)
	Expr : Expr . '>' Expr  (71)
	Expr : Expr . LESS_EQUAL Expr  (72)
	Expr : Expr . GREATER_EQUAL Expr  (73)
	Expr : Expr . AND Expr  (74)
	Expr : Expr . OR Expr  (75)
	Expr : Expr . NEWSAMEARRAY Expr  (86)
	Expr : Expr . JOINTARRAY Expr  (87)
	Expr : Expr . '[' Expr ':' Expr ']'  (88)
	Expr : Expr . '[' Expr ']' DEFAULT Expr  (89)

	AND  shift 120
	OR  shift 121
	LESS_EQUAL  shift 122
	GREATER_EQUAL  shift 123
	EQUAL  shift 124
	NOT_EQUAL  shift 125
	NEWSAMEARRAY  shift 126
	JOINTARRAY  shift 127
	'+'  shift 128
	'-'  shift 129
	'*'  shift 130
	'/'  shift 131
	'%'  shift 132
	'>'  shift 133
	'<'  shift 134
	'.'  shift 135
	'['  shift 136
	';'  reduce 45
	')'  reduce 45


state 180
	Call : Receiver IDENTIFIER '(' . Actuals ')'  (59)
	Receiver : .  (55)
	Actuals : .  (102)

	NULL  shift 57
	THIS  shift 58
	NEW  shift 64
	READ_INTEGER  shift 66
	READ_LINE  shift 67
	LITERAL  shift 68
	INSTANCEOF  shift 69
	'-'  shift 72
	'!'  shift 73
	'('  shift 74
	'['  shift 75
	VAR  shift 77
	IDENTIFIER  reduce 55
	')'  reduce 102

	Expr  goto 149
	LValue  goto 101
	Call  goto 102
	Receiver  goto 93
	Actuals  goto 202
	Constant  goto 94
	ArrayConstant  goto 95
	ExprList  goto 203


state 181
	WhileStmt : WHILE '(' Expr ')' . Stmt  (105)
	SimpleStmt : .  (47)
	Receiver : .  (55)

	VOID  shift 19
	BOOL  shift 20
	INT  shift 21
	STRING  shift 22
	CLASS  shift 23
	NULL  shift 57
	THIS  shift 58
	WHILE  shift 59
	FOR  shift 60
	IF  shift 61
	RETURN  shift 62
	BREAK  shift 63
	NEW  shift 64
	PRINT  shift 65
	READ_INTEGER  shift 66
	READ_LINE  shift 67
	LITERAL  shift 68
	INSTANCEOF  shift 69
	SCOPY  shift 70
	FOREACH  shift 71
	'-'  shift 72
	'!'  shift 73
	'('  shift 74
	'['  shift 75
	'{'  shift 52
	VAR  shift 77
	IDENTIFIER  reduce 55
	';'  reduce 47

	VariableDef  goto 78
	Variable  goto 27
	Type  goto 44
	StmtBlock  goto 79
	Stmt  goto 204
	SimpleStmt  goto 81
	Expr  goto 82
	IfStmt  goto 83
	WhileStmt  goto 84
	ForStmt  goto 85
	ReturnStmt  goto 86
	PrintStmt  goto 87
	BreakStmt  goto 88
	GuardedStmt  goto 89
	ForeachStmt  goto 90
	LValue  goto 91
	Call  goto 92
	Receiver  goto 93
	Constant  goto 94
	ArrayConstant  goto 95


state 182
	ForStmt : FOR '(' SimpleStmt ';' . Expr ';' SimpleStmt ')' Stmt  (106)
	Receiver : .  (55)

	NULL  shift 57
	THIS  shift 58
	NEW  shift 64
	READ_INTEGER  shift 66
	READ_LINE  shift 67
	LITERAL  shift 68
	INSTANCEOF  shift 69
	'-'  shift 72
	'!'  shift 73
	'('  shift 74
	'['  shift 75
	VAR  shift 77
	IDENTIFIER  reduce 55

	Expr  goto 205
	LValue  goto 101
	Call  goto 102
	Receiver  goto 93
	Constant  goto 94
	ArrayConstant  goto 95


state 183
	IfStmt : IF '(' Expr ')' . Stmt ElseClause  (108)
	SimpleStmt : .  (47)
	Receiver : .  (55)

	VOID  shift 19
	BOOL  shift 20
	INT  shift 21
	STRING  shift 22
	CLASS  shift 23
	NULL  shift 57
	THIS  shift 58
	WHILE  shift 59
	FOR  shift 60
	IF  shift 61
	RETURN  shift 62
	BREAK  shift 63
	NEW  shift 64
	PRINT  shift 65
	READ_INTEGER  shift 66
	READ_LINE  shift 67
	LITERAL  shift 68
	INSTANCEOF  shift 69
	SCOPY  shift 70
	FOREACH  shift 71
	'-'  shift 72
	'!'  shift 73
	'('  shift 74
	'['  shift 75
	'{'  shift 52
	VAR  shift 77
	IDENTIFIER  reduce 55
	';'  reduce 47

	VariableDef  goto 78
	Variable  goto 27
	Type  goto 44
	StmtBlock  goto 79
	Stmt  goto 206
	SimpleStmt  goto 81
	Expr  goto 82
	IfStmt  goto 83
	WhileStmt  goto 84
	ForStmt  goto 85
	ReturnStmt  goto 86
	PrintStmt  goto 87
	BreakStmt  goto 88
	GuardedStmt  goto 89
	ForeachStmt  goto 90
	LValue  goto 91
	Call  goto 92
	Receiver  goto 93
	Constant  goto 94
	ArrayConstant  goto 95


state 184
	IfSubStmt : Expr . ':' Stmt  (50)
	IfBranch : Expr . ':' Stmt GUARDED  (51)
	Receiver : Expr . '.'  (54)
	LValue : Expr . '[' Expr ']'  (57)
	Expr : Expr . '+' Expr  (63)
	Expr : Expr . '-' Expr  (64)
	Expr : Expr . '*' Expr  (65)
	Expr : Expr . '/' Expr  (66)
	Expr : Expr . '%' Expr  (67)
	Expr : Expr . EQUAL Expr  (68)
	Expr : Expr . NOT_EQUAL Expr  (69)
	Expr : Expr . '<' Expr  (70)
	Expr : Expr . '>' Expr  (71)
	Expr : Expr . LESS_EQUAL Expr  (72)
	Expr : Expr . GREATER_EQUAL Expr  (73)
	Expr : Expr . AND Expr  (74)
	Expr : Expr . OR Expr  (75)
	Expr : Expr . NEWSAMEARRAY Expr  (86)
	Expr : Expr . JOINTARRAY Expr  (87)
	Expr : Expr . '[' Expr ':' Expr ']'  (88)
	Expr : Expr . '[' Expr ']' DEFAULT Expr  (89)

	AND  shift 120
	OR  shift 121
	LESS_EQUAL  shift 122
	GREATER_EQUAL  shift 123
	EQUAL  shift 124
	NOT_EQUAL  shift 125
	NEWSAMEARRAY  shift 126
	JOINTARRAY  shift 127
	'+'  shift 128
	'-'  shift 129
	'*'  shift 130
	'/'  shift 131
	'%'  shift 132
	'>'  shift 133
	'<'  shift 134
	'.'  shift 135
	':'  shift 207
	'['  shift 136
	.  error


state 185
	GuardedStmt : IF '{' IfBranchList IfSubStmt . '}'  (48)

	'}'  shift 208
	.  error


state 186
	IfBranchList : IfBranchList IfBranch .  (52)

	.  reduce 52


state 187
	Expr : NEW IDENTIFIER '(' ')' .  (82)

	.  reduce 82


state 188
	Receiver : Expr . '.'  (54)
	LValue : Expr . '[' Expr ']'  (57)
	Expr : Expr . '+' Expr  (63)
	Expr : Expr . '-' Expr  (64)
	Expr : Expr . '*' Expr  (65)
	Expr : Expr . '/' Expr  (66)
	Expr : Expr . '%' Expr  (67)
	Expr : Expr . EQUAL Expr  (68)
	Expr : Expr . NOT_EQUAL Expr  (69)
	Expr : Expr . '<' Expr  (70)
	Expr : Expr . '>' Expr  (71)
	Expr : Expr . LESS_EQUAL Expr  (72)
	Expr : Expr . GREATER_EQUAL Expr  (73)
	Expr : Expr . AND Expr  (74)
	Expr : Expr . OR Expr  (75)
	Expr : NEW Type '[' Expr . ']'  (83)
	Expr : Expr . NEWSAMEARRAY Expr  (86)
	Expr : Expr . JOINTARRAY Expr  (87)
	Expr : Expr . '[' Expr ':' Expr ']'  (88)
	Expr : Expr . '[' Expr ']' DEFAULT Expr  (89)

	AND  shift 120
	OR  shift 121
	LESS_EQUAL  shift 122
	GREATER_EQUAL  shift 123
	EQUAL  shift 124
	NOT_EQUAL  shift 125
	NEWSAMEARRAY  shift 126
	JOINTARRAY  shift 127
	'+'  shift 128
	'-'  shift 129
	'*'  shift 130
	'/'  shift 131
	'%'  shift 132
	'>'  shift 133
	'<'  shift 134
	'.'  shift 135
	'['  shift 136
	']'  shift 209
	.  error


state 189
	ExprList : ExprList ',' . Expr  (103)
	Receiver : .  (55)

	NULL  shift 57
	THIS  shift 58
	NEW  shift 64
	READ_INTEGER  shift 66
	READ_LINE  shift 67
	LITERAL  shift 68
	INSTANCEOF  shift 69
	'-'  shift 72
	'!'  shift 73
	'('  shift 74
	'['  shift 75
	VAR  shift 77
	IDENTIFIER  reduce 55

	Expr  goto 210
	LValue  goto 101
	Call  goto 102
	Receiver  goto 93
	Constant  goto 94
	ArrayConstant  goto 95


state 190
	PrintStmt : PRINT '(' ExprList ')' .  (113)

	.  reduce 113


state 191
	Expr : INSTANCEOF '(' Expr ',' . IDENTIFIER ')'  (84)

	IDENTIFIER  shift 211
	.  error


state 192
	Stmt : SCOPY '(' IDENTIFIER ',' . Expr ')'  (31)
	Receiver : .  (55)

	NULL  shift 57
	THIS  shift 58
	NEW  shift 64
	READ_INTEGER  shift 66
	READ_LINE  shift 67
	LITERAL  shift 68
	INSTANCEOF  shift 69
	'-'  shift 72
	'!'  shift 73
	'('  shift 74
	'['  shift 75
	VAR  shift 77
	IDENTIFIER  reduce 55

	Expr  goto 212
	LValue  goto 101
	Call  goto 102
	Receiver  goto 93
	Constant  goto 94
	ArrayConstant  goto 95


state 193
	BoundVariable : VAR IDENTIFIER .  (43)

	.  reduce 43


state 194
	BoundVariable : Type IDENTIFIER .  (44)

	.  reduce 44


state 195
	ForeachStmt : FOREACH '(' BoundVariable IN . Expr WHILE Expr ')' Stmt  (41)
	ForeachStmt : FOREACH '(' BoundVariable IN . Expr ')' Stmt  (42)
	Receiver : .  (55)

	NULL  shift 57
	THIS  shift 58
	NEW  shift 64
	READ_INTEGER  shift 66
	READ_LINE  shift 67
	LITERAL  shift 68
	INSTANCEOF  shift 69
	'-'  shift 72
	'!'  shift 73
	'('  shift 74
	'['  shift 75
	VAR  shift 77
	IDENTIFIER  reduce 55

	Expr  goto 213
	LValue  goto 101
	Call  goto 102
	Receiver  goto 93
	Constant  goto 94
	ArrayConstant  goto 95


state 196
	Expr : '(' CLASS IDENTIFIER ')' . Expr  (85)
	Receiver : .  (55)

	NULL  shift 57
	THIS  shift 58
	NEW  shift 64
	READ_INTEGER  shift 66
	READ_LINE  shift 67
	LITERAL  shift 68
	INSTANCEOF  shift 69
	'-'  shift 72
	'!'  shift 73
	'('  shift 74
	'['  shift 75
	VAR  shift 77
	IDENTIFIER  reduce 55

	Expr  goto 214
	LValue  goto 101
	Call  goto 102
	Receiver  goto 93
	Constant  goto 94
	ArrayConstant  goto 95


state 197
	Expr : '[' Expr FOR IDENTIFIER . IN Expr BoolExpr ']'  (90)
	Expr : '[' Expr FOR IDENTIFIER . IN Expr ']'  (91)

	IN  shift 215
	.  error


state 198
	ArrayConstant : '[' . ConstantList ']'  (97)
	ConstantList : .  (99)

	NULL  shift 57
	LITERAL  shift 68
	'['  shift 198
	','  reduce 99
	']'  reduce 99

	Constant  goto 216
	ArrayConstant  goto 95
	ConstantList  goto 117


state 199
	ConstantList : ConstantList ',' Constant .  (98)

	.  reduce 98


state 200
	Expr : Expr '[' Expr ':' . Expr ']'  (88)
	Receiver : .  (55)

	NULL  shift 57
	THIS  shift 58
	NEW  shift 64
	READ_INTEGER  shift 66
	READ_LINE  shift 67
	LITERAL  shift 68
	INSTANCEOF  shift 69
	'-'  shift 72
	'!'  shift 73
	'('  shift 74
	'['  shift 75
	VAR  shift 77
	IDENTIFIER  reduce 55

	Expr  goto 217
	LValue  goto 101
	Call  goto 102
	Receiver  goto 93
	Constant  goto 94
	ArrayConstant  goto 95


state 201
	LValue : Expr '[' Expr ']' .  (57)
	Expr : Expr '[' Expr ']' . DEFAULT Expr  (89)

	DEFAULT  shift 218
	WHILE  reduce 57
	FOR  reduce 57
	IF  reduce 57
	AND  reduce 57
	OR  reduce 57
	LESS_EQUAL  reduce 57
	GREATER_EQUAL  reduce 57
	EQUAL  reduce 57
	NOT_EQUAL  reduce 57
	NEWSAMEARRAY  reduce 57
	JOINTARRAY  reduce 57
	'+'  reduce 57
	'-'  reduce 57
	'*'  reduce 57
	'/'  reduce 57
	'%'  reduce 57
	'='  reduce 57
	'>'  reduce 57
	'<'  reduce 57
	'.'  reduce 57
	':'  reduce 57
	','  reduce 57
	';'  reduce 57
	')'  reduce 57
	'['  reduce 57
	']'  reduce 57


state 202
	Call : Receiver IDENTIFIER '(' Actuals . ')'  (59)

	')'  shift 219
	.  error


state 203
	Actuals : ExprList .  (101)
	ExprList : ExprList . ',' Expr  (103)

	','  shift 189
	')'  reduce 101


state 204
	WhileStmt : WHILE '(' Expr ')' Stmt .  (105)

	.  reduce 105


state 205
	Receiver : Expr . '.'  (54)
	LValue : Expr . '[' Expr ']'  (57)
	Expr : Expr . '+' Expr  (63)
	Expr : Expr . '-' Expr  (64)
	Expr : Expr . '*' Expr  (65)
	Expr : Expr . '/' Expr  (66)
	Expr : Expr . '%' Expr  (67)
	Expr : Expr . EQUAL Expr  (68)
	Expr : Expr . NOT_EQUAL Expr  (69)
	Expr : Expr . '<' Expr  (70)
	Expr : Expr . '>' Expr  (71)
	Expr : Expr . LESS_EQUAL Expr  (72)
	Expr : Expr . GREATER_EQUAL Expr  (73)
	Expr : Expr . AND Expr  (74)
	Expr : Expr . OR Expr  (75)
	Expr : Expr . NEWSAMEARRAY Expr  (86)
	Expr : Expr . JOINTARRAY Expr  (87)
	Expr : Expr . '[' Expr ':' Expr ']'  (88)
	Expr : Expr . '[' Expr ']' DEFAULT Expr  (89)
	ForStmt : FOR '(' SimpleStmt ';' Expr . ';' SimpleStmt ')' Stmt  (106)

	AND  shift 120
	OR  shift 121
	LESS_EQUAL  shift 122
	GREATER_EQUAL  shift 123
	EQUAL  shift 124
	NOT_EQUAL  shift 125
	NEWSAMEARRAY  shift 126
	JOINTARRAY  shift 127
	'+'  shift 128
	'-'  shift 129
	'*'  shift 130
	'/'  shift 131
	'%'  shift 132
	'>'  shift 133
	'<'  shift 134
	'.'  shift 135
	';'  shift 220
	'['  shift 136
	.  error


state 206
	IfStmt : IF '(' Expr ')' Stmt . ElseClause  (108)
	ElseClause : .  (110)

	ELSE  shift 221
	VOID  reduce 110
	BOOL  reduce 110
	INT  reduce 110
	STRING  reduce 110
	CLASS  reduce 110
	NULL  reduce 110
	THIS  reduce 110
	WHILE  reduce 110
	FOR  reduce 110
	IF  reduce 110
	RETURN  reduce 110
	BREAK  reduce 110
	NEW  reduce 110
	PRINT  reduce 110
	READ_INTEGER  reduce 110
	READ_LINE  reduce 110
	LITERAL  reduce 110
	IDENTIFIER  reduce 110
	INSTANCEOF  reduce 110
	SCOPY  reduce 110
	GUARDED  reduce 110
	FOREACH  reduce 110
	'-'  reduce 110
	';'  reduce 110
	'!'  reduce 110
	'('  reduce 110
	'['  reduce 110
	'{'  reduce 110
	'}'  reduce 110
	VAR  reduce 110

	ElseClause  goto 222


state 207
	IfSubStmt : Expr ':' . Stmt  (50)
	IfBranch : Expr ':' . Stmt GUARDED  (51)
	SimpleStmt : .  (47)
	Receiver : .  (55)

	VOID  shift 19
	BOOL  shift 20
	INT  shift 21
	STRING  shift 22
	CLASS  shift 23
	NULL  shift 57
	THIS  shift 58
	WHILE  shift 59
	FOR  shift 60
	IF  shift 61
	RETURN  shift 62
	BREAK  shift 63
	NEW  shift 64
	PRINT  shift 65
	READ_INTEGER  shift 66
	READ_LINE  shift 67
	LITERAL  shift 68
	INSTANCEOF  shift 69
	SCOPY  shift 70
	FOREACH  shift 71
	'-'  shift 72
	'!'  shift 73
	'('  shift 74
	'['  shift 75
	'{'  shift 52
	VAR  shift 77
	IDENTIFIER  reduce 55
	';'  reduce 47

	VariableDef  goto 78
	Variable  goto 27
	Type  goto 44
	StmtBlock  goto 79
	Stmt  goto 223
	SimpleStmt  goto 81
	Expr  goto 82
	IfStmt  goto 83
	WhileStmt  goto 84
	ForStmt  goto 85
	ReturnStmt  goto 86
	PrintStmt  goto 87
	BreakStmt  goto 88
	GuardedStmt  goto 89
	ForeachStmt  goto 90
	LValue  goto 91
	Call  goto 92
	Receiver  goto 93
	Constant  goto 94
	ArrayConstant  goto 95


state 208
	GuardedStmt : IF '{' IfBranchList IfSubStmt '}' .  (48)

	.  reduce 48


state 209
	Expr : NEW Type '[' Expr ']' .  (83)

	.  reduce 83


state 210
	Receiver : Expr . '.'  (54)
	LValue : Expr . '[' Expr ']'  (57)
	Expr : Expr . '+' Expr  (63)
	Expr : Expr . '-' Expr  (64)
	Expr : Expr . '*' Expr  (65)
	Expr : Expr . '/' Expr  (66)
	Expr : Expr . '%' Expr  (67)
	Expr : Expr . EQUAL Expr  (68)
	Expr : Expr . NOT_EQUAL Expr  (69)
	Expr : Expr . '<' Expr  (70)
	Expr : Expr . '>' Expr  (71)
	Expr : Expr . LESS_EQUAL Expr  (72)
	Expr : Expr . GREATER_EQUAL Expr  (73)
	Expr : Expr . AND Expr  (74)
	Expr : Expr . OR Expr  (75)
	Expr : Expr . NEWSAMEARRAY Expr  (86)
	Expr : Expr . JOINTARRAY Expr  (87)
	Expr : Expr . '[' Expr ':' Expr ']'  (88)
	Expr : Expr . '[' Expr ']' DEFAULT Expr  (89)
	ExprList : ExprList ',' Expr .  (103)

	AND  shift 120
	OR  shift 121
	LESS_EQUAL  shift 122
	GREATER_EQUAL  shift 123
	EQUAL  shift 124
	NOT_EQUAL  shift 125
	NEWSAMEARRAY  shift 126
	JOINTARRAY  shift 127
	'+'  shift 128
	'-'  shift 129
	'*'  shift 130
	'/'  shift 131
	'%'  shift 132
	'>'  shift 133
	'<'  shift 134
	'.'  shift 135
	'['  shift 136
	','  reduce 103
	')'  reduce 103


state 211
	Expr : INSTANCEOF '(' Expr ',' IDENTIFIER . ')'  (84)

	')'  shift 224
	.  error


state 212
	Stmt : SCOPY '(' IDENTIFIER ',' Expr . ')'  (31)
	Receiver : Expr . '.'  (54)
	LValue : Expr . '[' Expr ']'  (57)
	Expr : Expr . '+' Expr  (63)
	Expr : Expr . '-' Expr  (64)
	Expr : Expr . '*' Expr  (65)
	Expr : Expr . '/' Expr  (66)
	Expr : Expr . '%' Expr  (67)
	Expr : Expr . EQUAL Expr  (68)
	Expr : Expr . NOT_EQUAL Expr  (69)
	Expr : Expr . '<' Expr  (70)
	Expr : Expr . '>' Expr  (71)
	Expr : Expr . LESS_EQUAL Expr  (72)
	Expr : Expr . GREATER_EQUAL Expr  (73)
	Expr : Expr . AND Expr  (74)
	Expr : Expr . OR Expr  (75)
	Expr : Expr . NEWSAMEARRAY Expr  (86)
	Expr : Expr . JOINTARRAY Expr  (87)
	Expr : Expr . '[' Expr ':' Expr ']'  (88)
	Expr : Expr . '[' Expr ']' DEFAULT Expr  (89)

	AND  shift 120
	OR  shift 121
	LESS_EQUAL  shift 122
	GREATER_EQUAL  shift 123
	EQUAL  shift 124
	NOT_EQUAL  shift 125
	NEWSAMEARRAY  shift 126
	JOINTARRAY  shift 127
	'+'  shift 128
	'-'  shift 129
	'*'  shift 130
	'/'  shift 131
	'%'  shift 132
	'>'  shift 133
	'<'  shift 134
	'.'  shift 135
	')'  shift 225
	'['  shift 136
	.  error


state 213
	ForeachStmt : FOREACH '(' BoundVariable IN Expr . WHILE Expr ')' Stmt  (41)
	ForeachStmt : FOREACH '(' BoundVariable IN Expr . ')' Stmt  (42)
	Receiver : Expr . '.'  (54)
	LValue : Expr . '[' Expr ']'  (57)
	Expr : Expr . '+' Expr  (63)
	Expr : Expr . '-' Expr  (64)
	Expr : Expr . '*' Expr  (65)
	Expr : Expr . '/' Expr  (66)
	Expr : Expr . '%' Expr  (67)
	Expr : Expr . EQUAL Expr  (68)
	Expr : Expr . NOT_EQUAL Expr  (69)
	Expr : Expr . '<' Expr  (70)
	Expr : Expr . '>' Expr  (71)
	Expr : Expr . LESS_EQUAL Expr  (72)
	Expr : Expr . GREATER_EQUAL Expr  (73)
	Expr : Expr . AND Expr  (74)
	Expr : Expr . OR Expr  (75)
	Expr : Expr . NEWSAMEARRAY Expr  (86)
	Expr : Expr . JOINTARRAY Expr  (87)
	Expr : Expr . '[' Expr ':' Expr ']'  (88)
	Expr : Expr . '[' Expr ']' DEFAULT Expr  (89)

	WHILE  shift 226
	AND  shift 120
	OR  shift 121
	LESS_EQUAL  shift 122
	GREATER_EQUAL  shift 123
	EQUAL  shift 124
	NOT_EQUAL  shift 125
	NEWSAMEARRAY  shift 126
	JOINTARRAY  shift 127
	'+'  shift 128
	'-'  shift 129
	'*'  shift 130
	'/'  shift 131
	'%'  shift 132
	'>'  shift 133
	'<'  shift 134
	'.'  shift 135
	')'  shift 227
	'['  shift 136
	.  error


state 214
	Receiver : Expr . '.'  (54)
	LValue : Expr . '[' Expr ']'  (57)
	Expr : Expr . '+' Expr  (63)
	Expr : Expr . '-' Expr  (64)
	Expr : Expr . '*' Expr  (65)
	Expr : Expr . '/' Expr  (66)
	Expr : Expr . '%' Expr  (67)
	Expr : Expr . EQUAL Expr  (68)
	Expr : Expr . NOT_EQUAL Expr  (69)
	Expr : Expr . '<' Expr  (70)
	Expr : Expr . '>' Expr  (71)
	Expr : Expr . LESS_EQUAL Expr  (72)
	Expr : Expr . GREATER_EQUAL Expr  (73)
	Expr : Expr . AND Expr  (74)
	Expr : Expr . OR Expr  (75)
	Expr : '(' CLASS IDENTIFIER ')' Expr .  (85)
	Expr : Expr . NEWSAMEARRAY Expr  (86)
	Expr : Expr . JOINTARRAY Expr  (87)
	Expr : Expr . '[' Expr ':' Expr ']'  (88)
	Expr : Expr . '[' Expr ']' DEFAULT Expr  (89)

	.  reduce 85


state 215
	Expr : '[' Expr FOR IDENTIFIER IN . Expr BoolExpr ']'  (90)
	Expr : '[' Expr FOR IDENTIFIER IN . Expr ']'  (91)
	Receiver : .  (55)

	NULL  shift 57
	THIS  shift 58
	NEW  shift 64
	READ_INTEGER  shift 66
	READ_LINE  shift 67
	LITERAL  shift 68
	INSTANCEOF  shift 69
	'-'  shift 72
	'!'  shift 73
	'('  shift 74
	'['  shift 75
	VAR  shift 77
	IDENTIFIER  reduce 55

	Expr  goto 228
	LValue  goto 101
	Call  goto 102
	Receiver  goto 93
	Constant  goto 94
	ArrayConstant  goto 95


state 216
	ConstantList : Constant .  (100)

	.  reduce 100


state 217
	Receiver : Expr . '.'  (54)
	LValue : Expr . '[' Expr ']'  (57)
	Expr : Expr . '+' Expr  (63)
	Expr : Expr . '-' Expr  (64)
	Expr : Expr . '*' Expr  (65)
	Expr : Expr . '/' Expr  (66)
	Expr : Expr . '%' Expr  (67)
	Expr : Expr . EQUAL Expr  (68)
	Expr : Expr . NOT_EQUAL Expr  (69)
	Expr : Expr . '<' Expr  (70)
	Expr : Expr . '>' Expr  (71)
	Expr : Expr . LESS_EQUAL Expr  (72)
	Expr : Expr . GREATER_EQUAL Expr  (73)
	Expr : Expr . AND Expr  (74)
	Expr : Expr . OR Expr  (75)
	Expr : Expr . NEWSAMEARRAY Expr  (86)
	Expr : Expr . JOINTARRAY Expr  (87)
	Expr : Expr . '[' Expr ':' Expr ']'  (88)
	Expr : Expr '[' Expr ':' Expr . ']'  (88)
	Expr : Expr . '[' Expr ']' DEFAULT Expr  (89)

	AND  shift 120
	OR  shift 121
	LESS_EQUAL  shift 122
	GREATER_EQUAL  shift 123
	EQUAL  shift 124
	NOT_EQUAL  shift 125
	NEWSAMEARRAY  shift 126
	JOINTARRAY  shift 127
	'+'  shift 128
	'-'  shift 129
	'*'  shift 130
	'/'  shift 131
	'%'  shift 132
	'>'  shift 133
	'<'  shift 134
	'.'  shift 135
	'['  shift 136
	']'  shift 229
	.  error


state 218
	Expr : Expr '[' Expr ']' DEFAULT . Expr  (89)
	Receiver : .  (55)

	NULL  shift 57
	THIS  shift 58
	NEW  shift 64
	READ_INTEGER  shift 66
	READ_LINE  shift 67
	LITERAL  shift 68
	INSTANCEOF  shift 69
	'-'  shift 72
	'!'  shift 73
	'('  shift 74
	'['  shift 75
	VAR  shift 77
	IDENTIFIER  reduce 55

	Expr  goto 230
	LValue  goto 101
	Call  goto 102
	Receiver  goto 93
	Constant  goto 94
	ArrayConstant  goto 95


state 219
	Call : Receiver IDENTIFIER '(' Actuals ')' .  (59)

	.  reduce 59


state 220
	ForStmt : FOR '(' SimpleStmt ';' Expr ';' . SimpleStmt ')' Stmt  (106)
	SimpleStmt : .  (47)
	Receiver : .  (55)

	NULL  shift 57
	THIS  shift 58
	NEW  shift 64
	READ_INTEGER  shift 66
	READ_LINE  shift 67
	LITERAL  shift 68
	INSTANCEOF  shift 69
	'-'  shift 72
	'!'  shift 73
	'('  shift 74
	'['  shift 75
	VAR  shift 77
	IDENTIFIER  reduce 55
	')'  reduce 47

	SimpleStmt  goto 231
	Expr  goto 82
	LValue  goto 91
	Call  goto 92
	Receiver  goto 93
	Constant  goto 94
	ArrayConstant  goto 95


state 221
	ElseClause : ELSE . Stmt  (109)
	SimpleStmt : .  (47)
	Receiver : .  (55)

	VOID  shift 19
	BOOL  shift 20
	INT  shift 21
	STRING  shift 22
	CLASS  shift 23
	NULL  shift 57
	THIS  shift 58
	WHILE  shift 59
	FOR  shift 60
	IF  shift 61
	RETURN  shift 62
	BREAK  shift 63
	NEW  shift 64
	PRINT  shift 65
	READ_INTEGER  shift 66
	READ_LINE  shift 67
	LITERAL  shift 68
	INSTANCEOF  shift 69
	SCOPY  shift 70
	FOREACH  shift 71
	'-'  shift 72
	'!'  shift 73
	'('  shift 74
	'['  shift 75
	'{'  shift 52
	VAR  shift 77
	IDENTIFIER  reduce 55
	';'  reduce 47

	VariableDef  goto 78
	Variable  goto 27
	Type  goto 44
	StmtBlock  goto 79
	Stmt  goto 232
	SimpleStmt  goto 81
	Expr  goto 82
	IfStmt  goto 83
	WhileStmt  goto 84
	ForStmt  goto 85
	ReturnStmt  goto 86
	PrintStmt  goto 87
	BreakStmt  goto 88
	GuardedStmt  goto 89
	ForeachStmt  goto 90
	LValue  goto 91
	Call  goto 92
	Receiver  goto 93
	Constant  goto 94
	ArrayConstant  goto 95


state 222
	IfStmt : IF '(' Expr ')' Stmt ElseClause .  (108)

	.  reduce 108


state 223
	IfSubStmt : Expr ':' Stmt .  (50)
	IfBranch : Expr ':' Stmt . GUARDED  (51)

	GUARDED  shift 233
	'}'  reduce 50


state 224
	Expr : INSTANCEOF '(' Expr ',' IDENTIFIER ')' .  (84)

	.  reduce 84


state 225
	Stmt : SCOPY '(' IDENTIFIER ',' Expr ')' .  (31)

	.  reduce 31


state 226
	ForeachStmt : FOREACH '(' BoundVariable IN Expr WHILE . Expr ')' Stmt  (41)
	Receiver : .  (55)

	NULL  shift 57
	THIS  shift 58
	NEW  shift 64
	READ_INTEGER  shift 66
	READ_LINE  shift 67
	LITERAL  shift 68
	INSTANCEOF  shift 69
	'-'  shift 72
	'!'  shift 73
	'('  shift 74
	'['  shift 75
	VAR  shift 77
	IDENTIFIER  reduce 55

	Expr  goto 234
	LValue  goto 101
	Call  goto 102
	Receiver  goto 93
	Constant  goto 94
	ArrayConstant  goto 95


state 227
	ForeachStmt : FOREACH '(' BoundVariable IN Expr ')' . Stmt  (42)
	SimpleStmt : .  (47)
	Receiver : .  (55)

	VOID  shift 19
	BOOL  shift 20
	INT  shift 21
	STRING  shift 22
	CLASS  shift 23
	NULL  shift 57
	THIS  shift 58
	WHILE  shift 59
	FOR  shift 60
	IF  shift 61
	RETURN  shift 62
	BREAK  shift 63
	NEW  shift 64
	PRINT  shift 65
	READ_INTEGER  shift 66
	READ_LINE  shift 67
	LITERAL  shift 68
	INSTANCEOF  shift 69
	SCOPY  shift 70
	FOREACH  shift 71
	'-'  shift 72
	'!'  shift 73
	'('  shift 74
	'['  shift 75
	'{'  shift 52
	VAR  shift 77
	IDENTIFIER  reduce 55
	';'  reduce 47

	VariableDef  goto 78
	Variable  goto 27
	Type  goto 44
	StmtBlock  goto 79
	Stmt  goto 235
	SimpleStmt  goto 81
	Expr  goto 82
	IfStmt  goto 83
	WhileStmt  goto 84
	ForStmt  goto 85
	ReturnStmt  goto 86
	PrintStmt  goto 87
	BreakStmt  goto 88
	GuardedStmt  goto 89
	ForeachStmt  goto 90
	LValue  goto 91
	Call  goto 92
	Receiver  goto 93
	Constant  goto 94
	ArrayConstant  goto 95


228: shift/reduce conflict (shift 237, reduce 93) on ']'
state 228
	Receiver : Expr . '.'  (54)
	LValue : Expr . '[' Expr ']'  (57)
	Expr : Expr . '+' Expr  (63)
	Expr : Expr . '-' Expr  (64)
	Expr : Expr . '*' Expr  (65)
	Expr : Expr . '/' Expr  (66)
	Expr : Expr . '%' Expr  (67)
	Expr : Expr . EQUAL Expr  (68)
	Expr : Expr . NOT_EQUAL Expr  (69)
	Expr : Expr . '<' Expr  (70)
	Expr : Expr . '>' Expr  (71)
	Expr : Expr . LESS_EQUAL Expr  (72)
	Expr : Expr . GREATER_EQUAL Expr  (73)
	Expr : Expr . AND Expr  (74)
	Expr : Expr . OR Expr  (75)
	Expr : Expr . NEWSAMEARRAY Expr  (86)
	Expr : Expr . JOINTARRAY Expr  (87)
	Expr : Expr . '[' Expr ':' Expr ']'  (88)
	Expr : Expr . '[' Expr ']' DEFAULT Expr  (89)
	Expr : '[' Expr FOR IDENTIFIER IN Expr . BoolExpr ']'  (90)
	Expr : '[' Expr FOR IDENTIFIER IN Expr . ']'  (91)
	BoolExpr : .  (93)

	IF  shift 236
	AND  shift 120
	OR  shift 121
	LESS_EQUAL  shift 122
	GREATER_EQUAL  shift 123
	EQUAL  shift 124
	NOT_EQUAL  shift 125
	NEWSAMEARRAY  shift 126
	JOINTARRAY  shift 127
	'+'  shift 128
	'-'  shift 129
	'*'  shift 130
	'/'  shift 131
	'%'  shift 132
	'>'  shift 133
	'<'  shift 134
	'.'  shift 135
	'['  shift 136
	']'  shift 237

	BoolExpr  goto 238


state 229
	Expr : Expr '[' Expr ':' Expr ']' .  (88)

	.  reduce 88


state 230
	Receiver : Expr . '.'  (54)
	LValue : Expr . '[' Expr ']'  (57)
	Expr : Expr . '+' Expr  (63)
	Expr : Expr . '-' Expr  (64)
	Expr : Expr . '*' Expr  (65)
	Expr : Expr . '/' Expr  (66)
	Expr : Expr . '%' Expr  (67)
	Expr : Expr . EQUAL Expr  (68)
	Expr : Expr . NOT_EQUAL Expr  (69)
	Expr : Expr . '<' Expr  (70)
	Expr : Expr . '>' Expr  (71)
	Expr : Expr . LESS_EQUAL Expr  (72)
	Expr : Expr . GREATER_EQUAL Expr  (73)
	Expr : Expr . AND Expr  (74)
	Expr : Expr . OR Expr  (75)
	Expr : Expr . NEWSAMEARRAY Expr  (86)
	Expr : Expr . JOINTARRAY Expr  (87)
	Expr : Expr . '[' Expr ':' Expr ']'  (88)
	Expr : Expr . '[' Expr ']' DEFAULT Expr  (89)
	Expr : Expr '[' Expr ']' DEFAULT Expr .  (89)

	.  reduce 89


state 231
	ForStmt : FOR '(' SimpleStmt ';' Expr ';' SimpleStmt . ')' Stmt  (106)

	')'  shift 239
	.  error


state 232
	ElseClause : ELSE Stmt .  (109)

	.  reduce 109


state 233
	IfBranch : Expr ':' Stmt GUARDED .  (51)

	.  reduce 51


state 234
	ForeachStmt : FOREACH '(' BoundVariable IN Expr WHILE Expr . ')' Stmt  (41)
	Receiver : Expr . '.'  (54)
	LValue : Expr . '[' Expr ']'  (57)
	Expr : Expr . '+' Expr  (63)
	Expr : Expr . '-' Expr  (64)
	Expr : Expr . '*' Expr  (65)
	Expr : Expr . '/' Expr  (66)
	Expr : Expr . '%' Expr  (67)
	Expr : Expr . EQUAL Expr  (68)
	Expr : Expr . NOT_EQUAL Expr  (69)
	Expr : Expr . '<' Expr  (70)
	Expr : Expr . '>' Expr  (71)
	Expr : Expr . LESS_EQUAL Expr  (72)
	Expr : Expr . GREATER_EQUAL Expr  (73)
	Expr : Expr . AND Expr  (74)
	Expr : Expr . OR Expr  (75)
	Expr : Expr . NEWSAMEARRAY Expr  (86)
	Expr : Expr . JOINTARRAY Expr  (87)
	Expr : Expr . '[' Expr ':' Expr ']'  (88)
	Expr : Expr . '[' Expr ']' DEFAULT Expr  (89)

	AND  shift 120
	OR  shift 121
	LESS_EQUAL  shift 122
	GREATER_EQUAL  shift 123
	EQUAL  shift 124
	NOT_EQUAL  shift 125
	NEWSAMEARRAY  shift 126
	JOINTARRAY  shift 127
	'+'  shift 128
	'-'  shift 129
	'*'  shift 130
	'/'  shift 131
	'%'  shift 132
	'>'  shift 133
	'<'  shift 134
	'.'  shift 135
	')'  shift 240
	'['  shift 136
	.  error


state 235
	ForeachStmt : FOREACH '(' BoundVariable IN Expr ')' Stmt .  (42)

	.  reduce 42


state 236
	BoolExpr : IF . Expr  (92)
	Receiver : .  (55)

	NULL  shift 57
	THIS  shift 58
	NEW  shift 64
	READ_INTEGER  shift 66
	READ_LINE  shift 67
	LITERAL  shift 68
	INSTANCEOF  shift 69
	'-'  shift 72
	'!'  shift 73
	'('  shift 74
	'['  shift 75
	VAR  shift 77
	IDENTIFIER  reduce 55

	Expr  goto 241
	LValue  goto 101
	Call  goto 102
	Receiver  goto 93
	Constant  goto 94
	ArrayConstant  goto 95


state 237
	Expr : '[' Expr FOR IDENTIFIER IN Expr ']' .  (91)

	.  reduce 91


state 238
	Expr : '[' Expr FOR IDENTIFIER IN Expr BoolExpr . ']'  (90)

	']'  shift 242
	.  error


state 239
	ForStmt : FOR '(' SimpleStmt ';' Expr ';' SimpleStmt ')' . Stmt  (106)
	SimpleStmt : .  (47)
	Receiver : .  (55)

	VOID  shift 19
	BOOL  shift 20
	INT  shift 21
	STRING  shift 22
	CLASS  shift 23
	NULL  shift 57
	THIS  shift 58
	WHILE  shift 59
	FOR  shift 60
	IF  shift 61
	RETURN  shift 62
	BREAK  shift 63
	NEW  shift 64
	PRINT  shift 65
	READ_INTEGER  shift 66
	READ_LINE  shift 67
	LITERAL  shift 68
	INSTANCEOF  shift 69
	SCOPY  shift 70
	FOREACH  shift 71
	'-'  shift 72
	'!'  shift 73
	'('  shift 74
	'['  shift 75
	'{'  shift 52
	VAR  shift 77
	IDENTIFIER  reduce 55
	';'  reduce 47

	VariableDef  goto 78
	Variable  goto 27
	Type  goto 44
	StmtBlock  goto 79
	Stmt  goto 243
	SimpleStmt  goto 81
	Expr  goto 82
	IfStmt  goto 83
	WhileStmt  goto 84
	ForStmt  goto 85
	ReturnStmt  goto 86
	PrintStmt  goto 87
	BreakStmt  goto 88
	GuardedStmt  goto 89
	ForeachStmt  goto 90
	LValue  goto 91
	Call  goto 92
	Receiver  goto 93
	Constant  goto 94
	ArrayConstant  goto 95


state 240
	ForeachStmt : FOREACH '(' BoundVariable IN Expr WHILE Expr ')' . Stmt  (41)
	SimpleStmt : .  (47)
	Receiver : .  (55)

	VOID  shift 19
	BOOL  shift 20
	INT  shift 21
	STRING  shift 22
	CLASS  shift 23
	NULL  shift 57
	THIS  shift 58
	WHILE  shift 59
	FOR  shift 60
	IF  shift 61
	RETURN  shift 62
	BREAK  shift 63
	NEW  shift 64
	PRINT  shift 65
	READ_INTEGER  shift 66
	READ_LINE  shift 67
	LITERAL  shift 68
	INSTANCEOF  shift 69
	SCOPY  shift 70
	FOREACH  shift 71
	'-'  shift 72
	'!'  shift 73
	'('  shift 74
	'['  shift 75
	'{'  shift 52
	VAR  shift 77
	IDENTIFIER  reduce 55
	';'  reduce 47

	VariableDef  goto 78
	Variable  goto 27
	Type  goto 44
	StmtBlock  goto 79
	Stmt  goto 244
	SimpleStmt  goto 81
	Expr  goto 82
	IfStmt  goto 83
	WhileStmt  goto 84
	ForStmt  goto 85
	ReturnStmt  goto 86
	PrintStmt  goto 87
	BreakStmt  goto 88
	GuardedStmt  goto 89
	ForeachStmt  goto 90
	LValue  goto 91
	Call  goto 92
	Receiver  goto 93
	Constant  goto 94
	ArrayConstant  goto 95


state 241
	Receiver : Expr . '.'  (54)
	LValue : Expr . '[' Expr ']'  (57)
	Expr : Expr . '+' Expr  (63)
	Expr : Expr . '-' Expr  (64)
	Expr : Expr . '*' Expr  (65)
	Expr : Expr . '/' Expr  (66)
	Expr : Expr . '%' Expr  (67)
	Expr : Expr . EQUAL Expr  (68)
	Expr : Expr . NOT_EQUAL Expr  (69)
	Expr : Expr . '<' Expr  (70)
	Expr : Expr . '>' Expr  (71)
	Expr : Expr . LESS_EQUAL Expr  (72)
	Expr : Expr . GREATER_EQUAL Expr  (73)
	Expr : Expr . AND Expr  (74)
	Expr : Expr . OR Expr  (75)
	Expr : Expr . NEWSAMEARRAY Expr  (86)
	Expr : Expr . JOINTARRAY Expr  (87)
	Expr : Expr . '[' Expr ':' Expr ']'  (88)
	Expr : Expr . '[' Expr ']' DEFAULT Expr  (89)
	BoolExpr : IF Expr .  (92)

	AND  shift 120
	OR  shift 121
	LESS_EQUAL  shift 122
	GREATER_EQUAL  shift 123
	EQUAL  shift 124
	NOT_EQUAL  shift 125
	NEWSAMEARRAY  shift 126
	JOINTARRAY  shift 127
	'+'  shift 128
	'-'  shift 129
	'*'  shift 130
	'/'  shift 131
	'%'  shift 132
	'>'  shift 133
	'<'  shift 134
	'.'  shift 135
	'['  shift 136
	']'  reduce 92


state 242
	Expr : '[' Expr FOR IDENTIFIER IN Expr BoolExpr ']' .  (90)

	.  reduce 90


state 243
	ForStmt : FOR '(' SimpleStmt ';' Expr ';' SimpleStmt ')' Stmt .  (106)

	.  reduce 106


state 244
	ForeachStmt : FOREACH '(' BoundVariable IN Expr WHILE Expr ')' Stmt .  (41)

	.  reduce 41


Rules never reduced:
	BoolExpr :  (93)


State 228 contains 1 shift/reduce conflict.


64 terminals, 39 nonterminals
114 grammar rules, 245 states
